#
# There is insufficient memory for the Java Runtime Environment to continue.
# Native memory allocation (malloc) failed to allocate 1499584 bytes for Chunk::new
# Possible reasons:
#   The system is out of physical RAM or swap space
#   The process is running with CompressedOops enabled, and the Java Heap may be blocking the growth of the native heap
# Possible solutions:
#   Reduce memory load on the system
#   Increase physical memory or swap space
#   Check if swap backing store is full
#   Decrease Java heap size (-Xmx/-Xms)
#   Decrease number of Java threads
#   Decrease Java thread stack sizes (-Xss)
#   Set larger code cache with -XX:ReservedCodeCacheSize=
#   JVM is running with Zero Based Compressed Oops mode in which the Java heap is
#     placed in the first 32GB address space. The Java Heap base address is the
#     maximum limit for the native heap growth. Please use -XX:HeapBaseMinAddress
#     to set the Java Heap base and to place the Java Heap above 32GB virtual address.
# This output file may be truncated or incomplete.
#
#  Out of Memory Error (allocation.cpp:389), pid=12596, tid=0x0000000000001338
#
# JRE version: Java(TM) SE Runtime Environment (8.0_231-b11) (build 1.8.0_231-b11)
# Java VM: Java HotSpot(TM) 64-Bit Server VM (25.231-b11 mixed mode windows-amd64 compressed oops)
# Failed to write core dump. Minidumps are not enabled by default on client versions of Windows
#

---------------  T H R E A D  ---------------

Current thread (0x000000001de72800):  JavaThread "C2 CompilerThread0" daemon [_thread_in_native, id=4920, stack(0x000000001e500000,0x000000001e600000)]

Stack: [0x000000001e500000,0x000000001e600000]
[error occurred during error reporting (printing stack bounds), id 0xc0000005]

Native frames: (J=compiled Java code, j=interpreted, Vv=VM code, C=native code)


Current CompileTask:
C2:  11378 4036       4       java.lang.Class::annotationData (44 bytes)


---------------  P R O C E S S  ---------------

Java Threads: ( => current thread )
  0x0000000023e77800 JavaThread "Keep-Alive-Timer" daemon [_thread_blocked, id=15456, stack(0x0000000024bb0000,0x0000000024cb0000)]
  0x0000000021dcb800 JavaThread "spring.cloud.inetutils" daemon [_thread_in_native, id=5300, stack(0x0000000022be0000,0x0000000022ce0000)]
  0x000000001def9800 JavaThread "Service Thread" daemon [_thread_blocked, id=4660, stack(0x000000001e800000,0x000000001e900000)]
  0x000000001de78800 JavaThread "C1 CompilerThread2" daemon [_thread_blocked, id=13484, stack(0x000000001e700000,0x000000001e800000)]
  0x000000001de77800 JavaThread "C2 CompilerThread1" daemon [_thread_in_native, id=16260, stack(0x000000001e600000,0x000000001e700000)]
=>0x000000001de72800 JavaThread "C2 CompilerThread0" daemon [_thread_in_native, id=4920, stack(0x000000001e500000,0x000000001e600000)]
  0x000000001de71000 JavaThread "Monitor Ctrl-Break" daemon [_thread_in_native, id=6988, stack(0x000000001e400000,0x000000001e500000)]
  0x000000001de0a800 JavaThread "Attach Listener" daemon [_thread_blocked, id=18868, stack(0x000000001e300000,0x000000001e400000)]
  0x000000001de09800 JavaThread "Signal Dispatcher" daemon [_thread_blocked, id=14616, stack(0x000000001e200000,0x000000001e300000)]
  0x000000001c477000 JavaThread "Finalizer" daemon [_thread_blocked, id=14584, stack(0x000000001dd00000,0x000000001de00000)]
  0x000000001c470000 JavaThread "Reference Handler" daemon [_thread_blocked, id=9048, stack(0x000000001dc00000,0x000000001dd00000)]
  0x0000000003268800 JavaThread "main" [_thread_in_Java, id=5164, stack(0x0000000003130000,0x0000000003230000)]

Other Threads:
  0x000000000335e800 VMThread [stack: 0x000000001db00000,0x000000001dc00000] [id=8516]
  0x000000001df5b800 WatcherThread [stack: 0x000000001fe90000,0x000000001ff90000] [id=10620]

VM state:not at safepoint (normal execution)

VM Mutex/Monitor currently owned by a thread: None

heap address: 0x00000006d0a00000, size: 3830 MB, Compressed Oops mode: Zero based, Oop shift amount: 3
Narrow klass base: 0x0000000000000000, Narrow klass shift: 3
Compressed class space size: 1073741824 Address: 0x00000007c0000000

Heap:
 PSYoungGen      total 223744K, used 185598K [0x0000000770380000, 0x0000000787700000, 0x00000007c0000000)
  eden space 213504K, 86% used [0x0000000770380000,0x000000077b8bf930,0x000000077d400000)
  from space 10240K, 0% used [0x000000077d400000,0x000000077d400000,0x000000077de00000)
  to   space 12288K, 0% used [0x0000000786b00000,0x0000000786b00000,0x0000000787700000)
 ParOldGen       total 113152K, used 16772K [0x00000006d0a00000, 0x00000006d7880000, 0x0000000770380000)
  object space 113152K, 14% used [0x00000006d0a00000,0x00000006d1a611c0,0x00000006d7880000)
 Metaspace       used 38347K, capacity 39796K, committed 39936K, reserved 1083392K
  class space    used 5018K, capacity 5312K, committed 5376K, reserved 1048576K

Card table byte_map: [0x00000000128f0000,0x0000000013070000] byte_map_base: 0x000000000f26b000

Marking Bits: (ParMarkBitMap*) 0x000000005ef86d90
 Begin Bits: [0x0000000013b70000, 0x0000000017748000)
 End Bits:   [0x0000000017748000, 0x000000001b320000)

Polling page: 0x0000000000f80000

CodeCache: size=245760Kb used=13667Kb max_used=14278Kb free=232092Kb
 bounds [0x0000000003530000, 0x0000000004330000, 0x0000000012530000]
 total_blobs=4153 nmethods=3715 adapters=349
 compilation: enabled

Compilation events (10 events):
Event: 11.372 Thread 0x000000001de78800 4089       2       org.springframework.core.AttributeAccessorSupport::equals (37 bytes)
Event: 11.372 Thread 0x000000001de78800 nmethod 4089 0x0000000003d03050 code [0x0000000003d031c0, 0x0000000003d03408]
Event: 11.373 Thread 0x000000001de78800 4090       2       org.springframework.core.annotation.AnnotatedElementUtils::getMergedAnnotationAttributes (31 bytes)
Event: 11.373 Thread 0x000000001de78800 nmethod 4090 0x000000000378e490 code [0x000000000378e620, 0x000000000378e8a8]
Event: 11.374 Thread 0x000000001de78800 4091       2       java.lang.Math::min (46 bytes)
Event: 11.374 Thread 0x000000001de78800 nmethod 4091 0x0000000003b15750 code [0x0000000003b158a0, 0x0000000003b15a70]
Event: 11.374 Thread 0x000000001de78800 4092       2       sun.reflect.ClassFileAssembler::getMaxLocals (6 bytes)
Event: 11.374 Thread 0x000000001de78800 nmethod 4092 0x00000000037b3010 code [0x00000000037b3160, 0x00000000037b32b0]
Event: 11.376 Thread 0x000000001de78800 4093       2       org.springframework.beans.factory.parsing.PassThroughSourceExtractor::extractSource (2 bytes)
Event: 11.376 Thread 0x000000001de78800 nmethod 4093 0x00000000037b2c50 code [0x00000000037b2da0, 0x00000000037b2ef0]

GC Heap History (10 events):
Event: 2.157 GC heap before
{Heap before GC invocations=5 (full 1):
 PSYoungGen      total 133120K, used 6670K [0x0000000770380000, 0x0000000778f80000, 0x00000007c0000000)
  eden space 122880K, 0% used [0x0000000770380000,0x0000000770380000,0x0000000777b80000)
  from space 10240K, 65% used [0x0000000778580000,0x0000000778c03948,0x0000000778f80000)
  to   space 10240K, 0% used [0x0000000777b80000,0x0000000777b80000,0x0000000778580000)
 ParOldGen       total 163840K, used 40K [0x00000006d0a00000, 0x00000006daa00000, 0x0000000770380000)
  object space 163840K, 0% used [0x00000006d0a00000,0x00000006d0a0a000,0x00000006daa00000)
 Metaspace       used 20694K, capacity 21228K, committed 21296K, reserved 1069056K
  class space    used 2593K, capacity 2766K, committed 2816K, reserved 1048576K
Event: 2.180 GC heap after
Heap after GC invocations=5 (full 1):
 PSYoungGen      total 133120K, used 0K [0x0000000770380000, 0x0000000778f80000, 0x00000007c0000000)
  eden space 122880K, 0% used [0x0000000770380000,0x0000000770380000,0x0000000777b80000)
  from space 10240K, 0% used [0x0000000778580000,0x0000000778580000,0x0000000778f80000)
  to   space 10240K, 0% used [0x0000000777b80000,0x0000000777b80000,0x0000000778580000)
 ParOldGen       total 80896K, used 6549K [0x00000006d0a00000, 0x00000006d5900000, 0x0000000770380000)
  object space 80896K, 8% used [0x00000006d0a00000,0x00000006d1065498,0x00000006d5900000)
 Metaspace       used 20694K, capacity 21228K, committed 21296K, reserved 1069056K
  class space    used 2593K, capacity 2766K, committed 2816K, reserved 1048576K
}
Event: 5.333 GC heap before
{Heap before GC invocations=6 (full 1):
 PSYoungGen      total 133120K, used 122880K [0x0000000770380000, 0x0000000778f80000, 0x00000007c0000000)
  eden space 122880K, 100% used [0x0000000770380000,0x0000000777b80000,0x0000000777b80000)
  from space 10240K, 0% used [0x0000000778580000,0x0000000778580000,0x0000000778f80000)
  to   space 10240K, 0% used [0x0000000777b80000,0x0000000777b80000,0x0000000778580000)
 ParOldGen       total 80896K, used 6549K [0x00000006d0a00000, 0x00000006d5900000, 0x0000000770380000)
  object space 80896K, 8% used [0x00000006d0a00000,0x00000006d1065498,0x00000006d5900000)
 Metaspace       used 27789K, capacity 28794K, committed 28928K, reserved 1075200K
  class space    used 3604K, capacity 3823K, committed 3840K, reserved 1048576K
Event: 5.339 GC heap after
Heap after GC invocations=6 (full 1):
 PSYoungGen      total 133120K, used 7357K [0x0000000770380000, 0x000000077e800000, 0x00000007c0000000)
  eden space 122880K, 0% used [0x0000000770380000,0x0000000770380000,0x0000000777b80000)
  from space 10240K, 71% used [0x0000000777b80000,0x00000007782af5b0,0x0000000778580000)
  to   space 9216K, 0% used [0x000000077df00000,0x000000077df00000,0x000000077e800000)
 ParOldGen       total 80896K, used 6557K [0x00000006d0a00000, 0x00000006d5900000, 0x0000000770380000)
  object space 80896K, 8% used [0x00000006d0a00000,0x00000006d1067498,0x00000006d5900000)
 Metaspace       used 27789K, capacity 28794K, committed 28928K, reserved 1075200K
  class space    used 3604K, capacity 3823K, committed 3840K, reserved 1048576K
}
Event: 8.992 GC heap before
{Heap before GC invocations=7 (full 1):
 PSYoungGen      total 133120K, used 130237K [0x0000000770380000, 0x000000077e800000, 0x00000007c0000000)
  eden space 122880K, 100% used [0x0000000770380000,0x0000000777b80000,0x0000000777b80000)
  from space 10240K, 71% used [0x0000000777b80000,0x00000007782af5b0,0x0000000778580000)
  to   space 9216K, 0% used [0x000000077df00000,0x000000077df00000,0x000000077e800000)
 ParOldGen       total 80896K, used 6557K [0x00000006d0a00000, 0x00000006d5900000, 0x0000000770380000)
  object space 80896K, 8% used [0x00000006d0a00000,0x00000006d1067498,0x00000006d5900000)
 Metaspace       used 31065K, capacity 32228K, committed 32384K, reserved 1077248K
  class space    used 3986K, capacity 4224K, committed 4224K, reserved 1048576K
Event: 9.001 GC heap after
Heap after GC invocations=7 (full 1):
 PSYoungGen      total 218112K, used 9201K [0x0000000770380000, 0x000000077e800000, 0x00000007c0000000)
  eden space 208896K, 0% used [0x0000000770380000,0x0000000770380000,0x000000077cf80000)
  from space 9216K, 99% used [0x000000077df00000,0x000000077e7fc448,0x000000077e800000)
  to   space 10240K, 0% used [0x000000077d400000,0x000000077d400000,0x000000077de00000)
 ParOldGen       total 80896K, used 6924K [0x00000006d0a00000, 0x00000006d5900000, 0x0000000770380000)
  object space 80896K, 8% used [0x00000006d0a00000,0x00000006d10c3018,0x00000006d5900000)
 Metaspace       used 31065K, capacity 32228K, committed 32384K, reserved 1077248K
  class space    used 3986K, capacity 4224K, committed 4224K, reserved 1048576K
}
Event: 9.739 GC heap before
{Heap before GC invocations=8 (full 1):
 PSYoungGen      total 218112K, used 114942K [0x0000000770380000, 0x000000077e800000, 0x00000007c0000000)
  eden space 208896K, 50% used [0x0000000770380000,0x0000000776ac36b8,0x000000077cf80000)
  from space 9216K, 99% used [0x000000077df00000,0x000000077e7fc448,0x000000077e800000)
  to   space 10240K, 0% used [0x000000077d400000,0x000000077d400000,0x000000077de00000)
 ParOldGen       total 80896K, used 6924K [0x00000006d0a00000, 0x00000006d5900000, 0x0000000770380000)
  object space 80896K, 8% used [0x00000006d0a00000,0x00000006d10c3018,0x00000006d5900000)
 Metaspace       used 34059K, capacity 35384K, committed 35456K, reserved 1079296K
  class space    used 4434K, capacity 4704K, committed 4736K, reserved 1048576K
Event: 9.760 GC heap after
Heap after GC invocations=8 (full 1):
 PSYoungGen      total 223744K, used 10218K [0x0000000770380000, 0x0000000787700000, 0x00000007c0000000)
  eden space 213504K, 0% used [0x0000000770380000,0x0000000770380000,0x000000077d400000)
  from space 10240K, 99% used [0x000000077d400000,0x000000077ddfa8d8,0x000000077de00000)
  to   space 12288K, 0% used [0x0000000786b00000,0x0000000786b00000,0x0000000787700000)
 ParOldGen       total 80896K, used 8551K [0x00000006d0a00000, 0x00000006d5900000, 0x0000000770380000)
  object space 80896K, 10% used [0x00000006d0a00000,0x00000006d1259f90,0x00000006d5900000)
 Metaspace       used 34059K, capacity 35384K, committed 35456K, reserved 1079296K
  class space    used 4434K, capacity 4704K, committed 4736K, reserved 1048576K
}
Event: 9.760 GC heap before
{Heap before GC invocations=9 (full 2):
 PSYoungGen      total 223744K, used 10218K [0x0000000770380000, 0x0000000787700000, 0x00000007c0000000)
  eden space 213504K, 0% used [0x0000000770380000,0x0000000770380000,0x000000077d400000)
  from space 10240K, 99% used [0x000000077d400000,0x000000077ddfa8d8,0x000000077de00000)
  to   space 12288K, 0% used [0x0000000786b00000,0x0000000786b00000,0x0000000787700000)
 ParOldGen       total 80896K, used 8551K [0x00000006d0a00000, 0x00000006d5900000, 0x0000000770380000)
  object space 80896K, 10% used [0x00000006d0a00000,0x00000006d1259f90,0x00000006d5900000)
 Metaspace       used 34059K, capacity 35384K, committed 35456K, reserved 1079296K
  class space    used 4434K, capacity 4704K, committed 4736K, reserved 1048576K
Event: 9.824 GC heap after
Heap after GC invocations=9 (full 2):
 PSYoungGen      total 223744K, used 0K [0x0000000770380000, 0x0000000787700000, 0x00000007c0000000)
  eden space 213504K, 0% used [0x0000000770380000,0x0000000770380000,0x000000077d400000)
  from space 10240K, 0% used [0x000000077d400000,0x000000077d400000,0x000000077de00000)
  to   space 12288K, 0% used [0x0000000786b00000,0x0000000786b00000,0x0000000787700000)
 ParOldGen       total 113152K, used 16772K [0x00000006d0a00000, 0x00000006d7880000, 0x0000000770380000)
  object space 113152K, 14% used [0x00000006d0a00000,0x00000006d1a611c0,0x00000006d7880000)
 Metaspace       used 34059K, capacity 35384K, committed 35456K, reserved 1079296K
  class space    used 4434K, capacity 4704K, committed 4736K, reserved 1048576K
}

Deoptimization events (10 events):
Event: 9.272 Thread 0x0000000003268800 Uncommon trap: reason=bimorphic action=maybe_recompile pc=0x000000000404312c method=org.springframework.util.StringUtils.collectionToDelimitedString(Ljava/util/Collection;Ljava/lang/String;Ljava/lang/String;Ljava/lang/String;)Ljava/lang/String; @ 20
Event: 9.335 Thread 0x0000000003268800 Uncommon trap: reason=bimorphic action=maybe_recompile pc=0x000000000404312c method=org.springframework.util.StringUtils.collectionToDelimitedString(Ljava/util/Collection;Ljava/lang/String;Ljava/lang/String;Ljava/lang/String;)Ljava/lang/String; @ 20
Event: 9.335 Thread 0x0000000003268800 Uncommon trap: reason=bimorphic action=maybe_recompile pc=0x000000000404312c method=org.springframework.util.StringUtils.collectionToDelimitedString(Ljava/util/Collection;Ljava/lang/String;Ljava/lang/String;Ljava/lang/String;)Ljava/lang/String; @ 20
Event: 9.359 Thread 0x0000000003268800 Uncommon trap: reason=null_check action=make_not_entrant pc=0x0000000004089fac method=org.springframework.core.annotation.AnnotationUtils.isSynthesizable(Ljava/lang/Class;)Z @ 84
Event: 10.200 Thread 0x0000000003268800 Uncommon trap: reason=unstable_if action=reinterpret pc=0x00000000041583e0 method=org.springframework.asm.ClassReader.readCode(Lorg/springframework/asm/MethodVisitor;Lorg/springframework/asm/Context;I)V @ 830
Event: 10.582 Thread 0x0000000003268800 Uncommon trap: reason=range_check action=make_not_entrant pc=0x000000000431cd78 method=java.lang.String.charAt(I)C @ 27
Event: 10.659 Thread 0x0000000003268800 Uncommon trap: reason=unloaded action=reinterpret pc=0x0000000003f400a4 method=java.lang.Class.createAnnotationData(I)Ljava/lang/Class$AnnotationData; @ 98
Event: 10.823 Thread 0x0000000003268800 Uncommon trap: reason=null_check action=make_not_entrant pc=0x00000000041a597c method=org.springframework.core.annotation.AnnotationUtils.isSynthesizable(Ljava/lang/Class;)Z @ 119
Event: 11.121 Thread 0x0000000003268800 Uncommon trap: reason=unstable_if action=reinterpret pc=0x000000000376c5f0 method=org.springframework.cglib.core.CodeEmitter.emit_invoke(ILorg/springframework/asm/Type;Lorg/springframework/cglib/core/Signature;)V @ 24
Event: 11.244 Thread 0x0000000003268800 Uncommon trap: reason=unstable_if action=reinterpret pc=0x00000000040ad420 method=org.springframework.util.ReflectionUtils.isCglibRenamedMethod(Ljava/lang/reflect/Method;)Z @ 11

Classes redefined (0 events):
No events

Internal exceptions (10 events):
Event: 11.317 Thread 0x0000000003268800 Exception <a 'java/lang/ClassNotFoundException': org/springframework/cloud/openfeign/FeignAutoConfiguration$$EnhancerBySpringCGLIB$$80a9a82bCustomizer> (0x000000077b26cca8) thrown at [C:\re\workspace\8-2-build-windows-amd64-cygwin\jdk8u231\13620\hotspot\s
Event: 11.318 Thread 0x0000000003268800 Exception <a 'java/lang/ClassNotFoundException': org/springframework/context/annotation/ConfigurationClassEnhancer$EnhancedConfigurationCustomizer> (0x000000077b2ca6c8) thrown at [C:\re\workspace\8-2-build-windows-amd64-cygwin\jdk8u231\13620\hotspot\src\s
Event: 11.324 Thread 0x0000000003268800 Exception <a 'java/lang/ClassNotFoundException': java/lang/ObjectCustomizer> (0x000000077b2fa4e8) thrown at [C:\re\workspace\8-2-build-windows-amd64-cygwin\jdk8u231\13620\hotspot\src\share\vm\classfile\systemDictionary.cpp, line 210]
Event: 11.327 Thread 0x0000000003268800 Exception <a 'java/lang/ClassNotFoundException': org/springframework/cloud/openfeign/FeignClientSpecificationCustomizer> (0x000000077b3410e8) thrown at [C:\re\workspace\8-2-build-windows-amd64-cygwin\jdk8u231\13620\hotspot\src\share\vm\classfile\systemDic
Event: 11.329 Thread 0x0000000003268800 Exception <a 'java/lang/ClassNotFoundException': org/springframework/cloud/context/named/NamedContextFactory$SpecificationCustomizer> (0x000000077b39e360) thrown at [C:\re\workspace\8-2-build-windows-amd64-cygwin\jdk8u231\13620\hotspot\src\share\vm\classf
Event: 11.339 Thread 0x0000000003268800 Exception <a 'java/lang/ClassNotFoundException': java/lang/ObjectCustomizer> (0x000000077b45fba8) thrown at [C:\re\workspace\8-2-build-windows-amd64-cygwin\jdk8u231\13620\hotspot\src\share\vm\classfile\systemDictionary.cpp, line 210]
Event: 11.340 Thread 0x0000000003268800 Exception <a 'java/lang/ClassNotFoundException': org/springframework/cloud/context/named/NamedContextFactoryCustomizer> (0x000000077b4a68a0) thrown at [C:\re\workspace\8-2-build-windows-amd64-cygwin\jdk8u231\13620\hotspot\src\share\vm\classfile\systemDict
Event: 11.342 Thread 0x0000000003268800 Exception <a 'java/lang/ClassNotFoundException': org/springframework/cloud/openfeign/FeignContextCustomizer> (0x000000077b4eba30) thrown at [C:\re\workspace\8-2-build-windows-amd64-cygwin\jdk8u231\13620\hotspot\src\share\vm\classfile\systemDictionary.cpp,
Event: 11.344 Thread 0x0000000003268800 Exception <a 'java/lang/ClassNotFoundException': org/springframework/beans/factory/DisposableBeanCustomizer> (0x000000077b52cc00) thrown at [C:\re\workspace\8-2-build-windows-amd64-cygwin\jdk8u231\13620\hotspot\src\share\vm\classfile\systemDictionary.cpp,
Event: 11.345 Thread 0x0000000003268800 Exception <a 'java/lang/ClassNotFoundException': org/springframework/context/ApplicationContextAwareCustomizer> (0x000000077b56ab48) thrown at [C:\re\workspace\8-2-build-windows-amd64-cygwin\jdk8u231\13620\hotspot\src\share\vm\classfile\systemDictionary.c

Events (10 events):
Event: 11.362 loading class feign/Retryer
Event: 11.362 loading class feign/Retryer done
Event: 11.368 loading class java/util/ArrayList$ListItr
Event: 11.368 loading class java/util/ArrayList$ListItr done
Event: 11.368 Executing VM operation: Deoptimize
Event: 11.369 Executing VM operation: Deoptimize done
Event: 11.372 Thread 0x0000000003268800 DEOPT PACKING pc=0x000000000402e164 sp=0x000000000322bd10
Event: 11.372 Thread 0x0000000003268800 DEOPT UNPACKING pc=0x0000000003577890 sp=0x000000000322bac8 mode 0
Event: 11.372 Thread 0x0000000003268800 DEOPT PACKING pc=0x00000000041b7ddc sp=0x000000000322be30
Event: 11.372 Thread 0x0000000003268800 DEOPT UNPACKING pc=0x0000000003577890 sp=0x000000000322bcd0 mode 0


Dynamic libraries:
0x00007ff7235b0000 - 0x00007ff7235e7000 	D:\jdk\bin\java.exe
0x00007ffe9a340000 - 0x00007ffe9a530000 	C:\WINDOWS\SYSTEM32\ntdll.dll
0x00007ffe998a0000 - 0x00007ffe99952000 	C:\WINDOWS\System32\KERNEL32.DLL
0x00007ffe98090000 - 0x00007ffe98333000 	C:\WINDOWS\System32\KERNELBASE.dll
0x00007ffe99b40000 - 0x00007ffe99be3000 	C:\WINDOWS\System32\ADVAPI32.dll
0x00007ffe98d50000 - 0x00007ffe98dee000 	C:\WINDOWS\System32\msvcrt.dll
0x00007ffe99800000 - 0x00007ffe99897000 	C:\WINDOWS\System32\sechost.dll
0x00007ffe98a50000 - 0x00007ffe98b70000 	C:\WINDOWS\System32\RPCRT4.dll
0x00007ffe9a160000 - 0x00007ffe9a2f4000 	C:\WINDOWS\System32\USER32.dll
0x00007ffe974c0000 - 0x00007ffe974e1000 	C:\WINDOWS\System32\win32u.dll
0x00007ffe98480000 - 0x00007ffe984a6000 	C:\WINDOWS\System32\GDI32.dll
0x00007ffe97750000 - 0x00007ffe978e4000 	C:\WINDOWS\System32\gdi32full.dll
0x00007ffe972d0000 - 0x00007ffe9736e000 	C:\WINDOWS\System32\msvcp_win.dll
0x00007ffe973c0000 - 0x00007ffe974ba000 	C:\WINDOWS\System32\ucrtbase.dll
0x00007ffe8e5a0000 - 0x00007ffe8e825000 	C:\WINDOWS\WinSxS\amd64_microsoft.windows.common-controls_6595b64144ccf1df_6.0.18362.476_none_e6c4b11b130f2595\COMCTL32.dll
0x00007ffe99db0000 - 0x00007ffe9a0e6000 	C:\WINDOWS\System32\combase.dll
0x00007ffe98340000 - 0x00007ffe983c0000 	C:\WINDOWS\System32\bcryptPrimitives.dll
0x00007ffe98450000 - 0x00007ffe9847e000 	C:\WINDOWS\System32\IMM32.DLL
0x000000005f010000 - 0x000000005f0e2000 	D:\jdk\jre\bin\msvcr100.dll
0x000000005e760000 - 0x000000005f006000 	D:\jdk\jre\bin\server\jvm.dll
0x00007ffe98ea0000 - 0x00007ffe98ea8000 	C:\WINDOWS\System32\PSAPI.DLL
0x00007ffe93e80000 - 0x00007ffe93ea4000 	C:\WINDOWS\SYSTEM32\WINMM.dll
0x00007ffe773e0000 - 0x00007ffe773e9000 	C:\WINDOWS\SYSTEM32\WSOCK32.dll
0x00007ffe9a0f0000 - 0x00007ffe9a15f000 	C:\WINDOWS\System32\WS2_32.dll
0x00007ffe927c0000 - 0x00007ffe927ca000 	C:\WINDOWS\SYSTEM32\VERSION.dll
0x00007ffe93e50000 - 0x00007ffe93e7d000 	C:\WINDOWS\SYSTEM32\WINMMBASE.dll
0x00007ffe97370000 - 0x00007ffe973ba000 	C:\WINDOWS\System32\cfgmgr32.dll
0x00007ffe86ec0000 - 0x00007ffe86ecf000 	D:\jdk\jre\bin\verify.dll
0x00007ffe7e500000 - 0x00007ffe7e529000 	D:\jdk\jre\bin\java.dll
0x00007ffe6da20000 - 0x00007ffe6da43000 	D:\jdk\jre\bin\instrument.dll
0x00007ffe86dd0000 - 0x00007ffe86de6000 	D:\jdk\jre\bin\zip.dll
0x00007ffe98ec0000 - 0x00007ffe995a5000 	C:\WINDOWS\System32\SHELL32.dll
0x00007ffe99a90000 - 0x00007ffe99b39000 	C:\WINDOWS\System32\shcore.dll
0x00007ffe97910000 - 0x00007ffe9808e000 	C:\WINDOWS\System32\windows.storage.dll
0x00007ffe97270000 - 0x00007ffe9728f000 	C:\WINDOWS\System32\profapi.dll
0x00007ffe97220000 - 0x00007ffe9726a000 	C:\WINDOWS\System32\powrprof.dll
0x00007ffe97210000 - 0x00007ffe97220000 	C:\WINDOWS\System32\UMPDC.dll
0x00007ffe989f0000 - 0x00007ffe98a42000 	C:\WINDOWS\System32\shlwapi.dll
0x00007ffe97290000 - 0x00007ffe972a1000 	C:\WINDOWS\System32\kernel.appcore.dll
0x00007ffe978f0000 - 0x00007ffe97907000 	C:\WINDOWS\System32\cryptsp.dll
0x00007ffe727c0000 - 0x00007ffe727da000 	D:\IntelliJ IDEA 2019.1.3\bin\breakgen64.dll
0x00007ffe7f720000 - 0x00007ffe7f73a000 	D:\jdk\jre\bin\net.dll
0x000000001e900000 - 0x000000001fd47000 	C:\WINDOWS\system32\networkdlllspx64.dll
0x00007ffe984b0000 - 0x00007ffe98574000 	C:\WINDOWS\System32\oleaut32.dll
0x00007ffe96250000 - 0x00007ffe96281000 	C:\WINDOWS\SYSTEM32\ntmarta.dll
0x00007ffe96a20000 - 0x00007ffe96a87000 	C:\WINDOWS\system32\mswsock.dll
0x00007ffe95c70000 - 0x00007ffe95c7a000 	C:\WINDOWS\system32\wshqos.dll
0x00007ffe95c60000 - 0x00007ffe95c68000 	C:\WINDOWS\SYSTEM32\wshtcpip.DLL
0x00007ffe95c50000 - 0x00007ffe95c58000 	C:\WINDOWS\SYSTEM32\wship6.dll
0x00007ffe96730000 - 0x00007ffe9676a000 	C:\WINDOWS\SYSTEM32\IPHLPAPI.DLL
0x00007ffe99bf0000 - 0x00007ffe99bf8000 	C:\WINDOWS\System32\NSI.dll
0x00007ffe90ea0000 - 0x00007ffe90eb6000 	C:\WINDOWS\SYSTEM32\dhcpcsvc6.DLL
0x00007ffe90e80000 - 0x00007ffe90e9c000 	C:\WINDOWS\SYSTEM32\dhcpcsvc.DLL
0x00007ffe96770000 - 0x00007ffe9683a000 	C:\WINDOWS\SYSTEM32\DNSAPI.dll
0x00007ffe7e4f0000 - 0x00007ffe7e4fd000 	D:\jdk\jre\bin\management.dll
0x00007ffe727e0000 - 0x00007ffe727f2000 	D:\jdk\jre\bin\nio.dll
0x00007ffe82200000 - 0x00007ffe82216000 	C:\WINDOWS\system32\napinsp.dll
0x00007ffe821e0000 - 0x00007ffe821fa000 	C:\WINDOWS\system32\pnrpnsp.dll
0x00007ffe76e80000 - 0x00007ffe76e8e000 	C:\WINDOWS\System32\winrnr.dll
0x00007ffe93a80000 - 0x00007ffe93a9c000 	C:\WINDOWS\system32\NLAapi.dll
0x00007ffe79de0000 - 0x00007ffe79df5000 	C:\WINDOWS\system32\wshbth.dll
0x00007ffe8faa0000 - 0x00007ffe8faaa000 	C:\Windows\System32\rasadhlp.dll
0x00007ffe90910000 - 0x00007ffe90987000 	C:\WINDOWS\System32\fwpuclnt.dll
0x00007ffe983c0000 - 0x00007ffe983e6000 	C:\WINDOWS\System32\bcrypt.dll

VM Arguments:
jvm_args: -ea -Didea.test.cyclic.buffer.size=1048576 -javaagent:D:\IntelliJ IDEA 2019.1.3\lib\idea_rt.jar=3055:D:\IntelliJ IDEA 2019.1.3\bin -Dfile.encoding=UTF-8 
java_command: com.intellij.rt.execution.junit.JUnitStarter -ideVersion5 -junit4 com.leyou.client.ElasticsearchTest,loadData
java_class_path (initial): D:\IntelliJ IDEA 2019.1.3\lib\idea_rt.jar;D:\IntelliJ IDEA 2019.1.3\plugins\junit\lib\junit-rt.jar;D:\IntelliJ IDEA 2019.1.3\plugins\junit\lib\junit5-rt.jar;D:\jdk\jre\lib\charsets.jar;D:\jdk\jre\lib\deploy.jar;D:\jdk\jre\lib\ext\access-bridge-64.jar;D:\jdk\jre\lib\ext\cldrdata.jar;D:\jdk\jre\lib\ext\dnsns.jar;D:\jdk\jre\lib\ext\jaccess.jar;D:\jdk\jre\lib\ext\jfxrt.jar;D:\jdk\jre\lib\ext\localedata.jar;D:\jdk\jre\lib\ext\nashorn.jar;D:\jdk\jre\lib\ext\sunec.jar;D:\jdk\jre\lib\ext\sunjce_provider.jar;D:\jdk\jre\lib\ext\sunmscapi.jar;D:\jdk\jre\lib\ext\sunpkcs11.jar;D:\jdk\jre\lib\ext\zipfs.jar;D:\jdk\jre\lib\javaws.jar;D:\jdk\jre\lib\jce.jar;D:\jdk\jre\lib\jfr.jar;D:\jdk\jre\lib\jfxswt.jar;D:\jdk\jre\lib\jsse.jar;D:\jdk\jre\lib\management-agent.jar;D:\jdk\jre\lib\plugin.jar;D:\jdk\jre\lib\resources.jar;D:\jdk\jre\lib\rt.jar;E:\leyoulearning\leyouBySelf\leyou-search\target\test-classes;E:\leyoulearning\leyouBySelf\leyou-search\target\classes;D:\maven\repository\org\springframework\boot\spring-boot-starter-web\2.0.4.RELEASE\spring-boot-starter-web-2.0.4.RELEASE.jar;D:\maven\repository\org\springframework\boot\spring-boot-starter\2.0.4.RELEASE\spring-boot-starter-2.0.4.RELEASE.jar;D:\maven\repository\org\springframework\boot\spring-boot\2.0.4.RELEASE\spring-boot-2.0.4.RELEASE.jar;D:\maven\repository\org\springframework\boot\spring-boot-autoconfigure\2.0.4.RELEASE\spring-boot-autoconfigure-2.0.4.RELEASE.jar;D:\maven\repository\org\springframework\boot\spring-boot-starter-logging\2.0.4.RELEASE\spring-boot-starter-logging-2.0.4.RELEASE.jar;D:\maven\repository\ch\qos\logback\logback-classic\1.2.3\logback-classic-1.2.3.jar;D:\maven\repository\ch\qos\logback\logback-core\1.2.3\logback-core-1.2.3.jar;D:\maven\repository\org\apache\logging\log4j\log4j-to-slf4j\2.10.0\log4j-to-slf4j-2.10.0.jar;D:\maven\repository\org\slf4j\jul-to-slf4j\1.7.25\jul-to-slf4j-1.7.25.jar;D:\maven\repository\javax\annotation\javax.annotation-api\1.3.2\javax.annotation-api-
Launcher Type: SUN_STANDARD

Environment Variables:
JAVA_HOME=D:\jdk
PATH=C:\WINDOWS\system32;C:\WINDOWS;C:\WINDOWS\System32\Wbem;C:\WINDOWS\System32\WindowsPowerShell\v1.0\;C:\WINDOWS\System32\OpenSSH\;D:\Git\cmd;D:\nodejs\;D:\jdk\bin;D:\apache-maven-3.5.0\bin;D:\Go\bin;C:\Users\19172\AppData\Roaming\npm;C:\Program Files\Calibre2\;C:\Program Files\MySQL\MySQL Shell 8.0\bin\;C:\Users\19172\AppData\Local\Programs\Microsoft VS Code\bin;C:\Users\19172\go\bin;C:\Users\19172\AppData\Local\Microsoft\WindowsApps;
USERNAME=19172
OS=Windows_NT
PROCESSOR_IDENTIFIER=Intel64 Family 6 Model 158 Stepping 10, GenuineIntel



---------------  S Y S T E M  ---------------

OS: Windows 10.0 , 64 bit Build 18362 (10.0.18362.329)

CPU:total 6 (initial active 6) (6 cores per cpu, 1 threads per core) family 6 model 158 stepping 10, cmov, cx8, fxsr, mmx, sse, sse2, sse3, ssse3, sse4.1, sse4.2, popcnt, avx, avx2, aes, clmul, erms, 3dnowpref, lzcnt, tsc, tscinvbit, bmi1, bmi2, adx

Memory: 4k page, physical 15685592k(1506140k free), swap 22239316k(6164k free)

vm_info: Java HotSpot(TM) 64-Bit Server VM (25.231-b11) for windows-amd64 JRE (1.8.0_231-b11), built on Oct  5 2019 03:11:30 by "java_re" with MS VC++ 10.0 (VS2010)

time: Thu Dec 05 23:58:12 2019
timezone: 中国标准时间
elapsed time: 11 seconds (0d 0h 0m 11s)

