#
# There is insufficient memory for the Java Runtime Environment to continue.
# Native memory allocation (malloc) failed to allocate 1392656 bytes for Chunk::new
# Possible reasons:
#   The system is out of physical RAM or swap space
#   The process is running with CompressedOops enabled, and the Java Heap may be blocking the growth of the native heap
# Possible solutions:
#   Reduce memory load on the system
#   Increase physical memory or swap space
#   Check if swap backing store is full
#   Decrease Java heap size (-Xmx/-Xms)
#   Decrease number of Java threads
#   Decrease Java thread stack sizes (-Xss)
#   Set larger code cache with -XX:ReservedCodeCacheSize=
#   JVM is running with Zero Based Compressed Oops mode in which the Java heap is
#     placed in the first 32GB address space. The Java Heap base address is the
#     maximum limit for the native heap growth. Please use -XX:HeapBaseMinAddress
#     to set the Java Heap base and to place the Java Heap above 32GB virtual address.
# This output file may be truncated or incomplete.
#
#  Out of Memory Error (allocation.cpp:389), pid=18184, tid=0x0000000000003b0c
#
# JRE version: Java(TM) SE Runtime Environment (8.0_231-b11) (build 1.8.0_231-b11)
# Java VM: Java HotSpot(TM) 64-Bit Server VM (25.231-b11 mixed mode windows-amd64 compressed oops)
# Failed to write core dump. Minidumps are not enabled by default on client versions of Windows
#

---------------  T H R E A D  ---------------

Current thread (0x000000001d396800):  JavaThread "C2 CompilerThread1" daemon [_thread_in_native, id=15116, stack(0x000000001db20000,0x000000001dc20000)]

Stack: [0x000000001db20000,0x000000001dc20000]
[error occurred during error reporting (printing stack bounds), id 0xc0000005]

Native frames: (J=compiled Java code, j=interpreted, Vv=VM code, C=native code)


Current CompileTask:
C2:  44217 4852       4       java.lang.Class::privateGetMethodRecursive (130 bytes)


---------------  P R O C E S S  ---------------

Java Threads: ( => current thread )
  0x0000000024d1a000 JavaThread "elasticsearch[_client_][transport_client_boss][T#12]" daemon [_thread_in_native, id=13084, stack(0x000000002cee0000,0x000000002cfe0000)]
  0x0000000024d1e800 JavaThread "elasticsearch[_client_][transport_client_boss][T#11]" daemon [_thread_in_native, id=10132, stack(0x000000002cde0000,0x000000002cee0000)]
  0x0000000024d1b000 JavaThread "elasticsearch[_client_][transport_client_boss][T#10]" daemon [_thread_in_native, id=13708, stack(0x000000002cce0000,0x000000002cde0000)]
  0x0000000024d19800 JavaThread "elasticsearch[_client_][transport_client_boss][T#9]" daemon [_thread_in_native, id=648, stack(0x000000002cbe0000,0x000000002cce0000)]
  0x0000000024d20000 JavaThread "elasticsearch[_client_][transport_client_boss][T#8]" daemon [_thread_in_native, id=11260, stack(0x000000002cae0000,0x000000002cbe0000)]
  0x0000000024d1e000 JavaThread "elasticsearch[_client_][transport_client_boss][T#7]" daemon [_thread_in_native, id=18288, stack(0x000000002c9e0000,0x000000002cae0000)]
  0x0000000024d1d000 JavaThread "elasticsearch[_client_][transport_client_boss][T#6]" daemon [_thread_in_native, id=17280, stack(0x000000002c8e0000,0x000000002c9e0000)]
  0x0000000024d1c800 JavaThread "elasticsearch[_client_][transport_client_boss][T#5]" daemon [_thread_in_native, id=18628, stack(0x000000002c7e0000,0x000000002c8e0000)]
  0x0000000021d09800 JavaThread "elasticsearch[_client_][transport_client_boss][T#4]" daemon [_thread_in_native, id=17428, stack(0x000000002c6e0000,0x000000002c7e0000)]
  0x0000000021d07800 JavaThread "elasticsearch[_client_][transport_client_boss][T#3]" daemon [_thread_in_native, id=10632, stack(0x000000002c5e0000,0x000000002c6e0000)]
  0x0000000021d0d800 JavaThread "elasticsearch[_client_][transport_client_boss][T#2]" daemon [_thread_in_native, id=6156, stack(0x000000002b4d0000,0x000000002b5d0000)]
  0x0000000021d0a800 JavaThread "elasticsearch[_client_][generic][T#4]" daemon [_thread_blocked, id=16680, stack(0x000000002b1d0000,0x000000002b2d0000)]
  0x0000000021d0d000 JavaThread "elasticsearch[_client_][generic][T#3]" daemon [_thread_blocked, id=7736, stack(0x00000000240e0000,0x00000000241e0000)]
  0x0000000021d0b800 JavaThread "elasticsearch[_client_][generic][T#2]" daemon [_thread_blocked, id=15816, stack(0x000000002b0d0000,0x000000002b1d0000)]
  0x0000000021d09000 JavaThread "elasticsearch[_client_][generic][T#1]" daemon [_thread_blocked, id=13060, stack(0x0000000028940000,0x0000000028a40000)]
  0x00000000217fd000 JavaThread "elasticsearch[_client_][transport_client_boss][T#1]" daemon [_thread_in_native, id=652, stack(0x0000000021140000,0x0000000021240000)]
  0x00000000276e6800 JavaThread "elasticsearch[_client_][scheduler][T#1]" daemon [_thread_blocked, id=5508, stack(0x00000000241e0000,0x00000000242e0000)]
  0x000000002002b800 JavaThread "elasticsearch[_client_][[timer]]" daemon [_thread_blocked, id=13308, stack(0x0000000022810000,0x0000000022910000)]
  0x000000001d3ff000 JavaThread "Service Thread" daemon [_thread_blocked, id=15508, stack(0x000000001dd20000,0x000000001de20000)]
  0x000000001d398000 JavaThread "C1 CompilerThread2" daemon [_thread_blocked, id=14536, stack(0x000000001dc20000,0x000000001dd20000)]
=>0x000000001d396800 JavaThread "C2 CompilerThread1" daemon [_thread_in_native, id=15116, stack(0x000000001db20000,0x000000001dc20000)]
  0x000000001d396000 JavaThread "C2 CompilerThread0" daemon [_thread_in_native, id=17588, stack(0x000000001da20000,0x000000001db20000)]
  0x000000001d394800 JavaThread "Monitor Ctrl-Break" daemon [_thread_in_native, id=16636, stack(0x000000001d920000,0x000000001da20000)]
  0x000000001d379000 JavaThread "Attach Listener" daemon [_thread_blocked, id=9444, stack(0x000000001d820000,0x000000001d920000)]
  0x000000001d32b800 JavaThread "Signal Dispatcher" daemon [_thread_blocked, id=10400, stack(0x000000001d720000,0x000000001d820000)]
  0x000000001b946000 JavaThread "Finalizer" daemon [_thread_blocked, id=16468, stack(0x000000001d1c0000,0x000000001d2c0000)]
  0x000000001b93f800 JavaThread "Reference Handler" daemon [_thread_blocked, id=7820, stack(0x000000001d0c0000,0x000000001d1c0000)]
  0x0000000002808800 JavaThread "main" [_thread_in_Java, id=6848, stack(0x0000000002700000,0x0000000002800000)]

Other Threads:
  0x000000001b917800 VMThread [stack: 0x000000001cfc0000,0x000000001d0c0000] [id=13916]
  0x000000001d446000 WatcherThread [stack: 0x000000001f3b0000,0x000000001f4b0000] [id=18892]

VM state:not at safepoint (normal execution)

VM Mutex/Monitor currently owned by a thread: None

OutOfMemory and StackOverflow Exception counts:
OutOfMemoryError java_heap_errors=2

heap address: 0x00000006d0a00000, size: 3830 MB, Compressed Oops mode: Zero based, Oop shift amount: 3
Narrow klass base: 0x0000000000000000, Narrow klass shift: 3
Compressed class space size: 1073741824 Address: 0x00000007c0000000

Heap:
 PSYoungGen      total 308224K, used 143410K [0x0000000770380000, 0x0000000784d00000, 0x00000007c0000000)
  eden space 296448K, 48% used [0x0000000770380000,0x0000000778f8cbf8,0x0000000782500000)
  from space 11776K, 0% used [0x0000000782500000,0x0000000782500000,0x0000000783080000)
  to   space 12288K, 0% used [0x0000000783080000,0x0000000783080000,0x0000000783c80000)
 ParOldGen       total 131584K, used 34738K [0x00000006d0a00000, 0x00000006d8a80000, 0x0000000770380000)
  object space 131584K, 26% used [0x00000006d0a00000,0x00000006d2bec9e0,0x00000006d8a80000)
 Metaspace       used 60415K, capacity 63170K, committed 63320K, reserved 1103872K
  class space    used 8259K, capacity 8985K, committed 9088K, reserved 1048576K

Card table byte_map: [0x0000000011dc0000,0x0000000012540000] byte_map_base: 0x000000000e73b000

Marking Bits: (ParMarkBitMap*) 0x000000005ef06d90
 Begin Bits: [0x0000000013040000, 0x0000000016c18000)
 End Bits:   [0x0000000016c18000, 0x000000001a7f0000)

Polling page: 0x0000000000450000

CodeCache: size=245760Kb used=16202Kb max_used=16662Kb free=229557Kb
 bounds [0x0000000002a00000, 0x0000000003a60000, 0x0000000011a00000]
 total_blobs=5055 nmethods=4480 adapters=486
 compilation: enabled

Compilation events (10 events):
Event: 44.190 Thread 0x000000001d398000 5026       2       java.util.Collections$UnmodifiableMap$UnmodifiableEntrySet$UnmodifiableEntry::getKey (10 bytes)
Event: 44.190 Thread 0x000000001d398000 nmethod 5026 0x0000000002cd7050 code [0x0000000002cd71c0, 0x0000000002cd7348]
Event: 44.190 Thread 0x000000001d398000 5027       2       java.util.Collections$UnmodifiableMap$UnmodifiableEntrySet$UnmodifiableEntry::<init> (16 bytes)
Event: 44.190 Thread 0x000000001d398000 nmethod 5027 0x0000000002cd6bd0 code [0x0000000002cd6d40, 0x0000000002cd6f48]
Event: 44.193 Thread 0x000000001d398000 5028 %     3       java.util.Properties::load0 @ 30 (250 bytes)
Event: 44.194 Thread 0x000000001d398000 nmethod 5028% 0x0000000002cd5a10 code [0x0000000002cd5c00, 0x0000000002cd66d8]
Event: 44.194 Thread 0x000000001d398000 5029       3       java.util.Properties::loadConvert (505 bytes)
Event: 44.195 Thread 0x000000001d398000 nmethod 5029 0x0000000002cd48d0 code [0x0000000002cd4ac0, 0x0000000002cd53d8]
Event: 44.196 Thread 0x000000001d398000 5030       1       java.util.ResourceBundle$CacheKey::getName (5 bytes)
Event: 44.196 Thread 0x000000001d398000 nmethod 5030 0x00000000030f8650 code [0x00000000030f87a0, 0x00000000030f88b0]

GC Heap History (10 events):
Event: 9.227 GC heap before
{Heap before GC invocations=8 (full 1):
 PSYoungGen      total 200192K, used 114932K [0x0000000770380000, 0x000000077d680000, 0x00000007c0000000)
  eden space 190976K, 55% used [0x0000000770380000,0x0000000776abec50,0x000000077be00000)
  from space 9216K, 99% used [0x000000077cd80000,0x000000077d67e440,0x000000077d680000)
  to   space 10240K, 0% used [0x000000077c280000,0x000000077c280000,0x000000077cc80000)
 ParOldGen       total 89088K, used 6805K [0x00000006d0a00000, 0x00000006d6100000, 0x0000000770380000)
  object space 89088K, 7% used [0x00000006d0a00000,0x00000006d10a5620,0x00000006d6100000)
 Metaspace       used 34056K, capacity 35380K, committed 35456K, reserved 1079296K
  class space    used 4434K, capacity 4704K, committed 4736K, reserved 1048576K
Event: 9.235 GC heap after
Heap after GC invocations=8 (full 1):
 PSYoungGen      total 205824K, used 10228K [0x0000000770380000, 0x0000000783c80000, 0x00000007c0000000)
  eden space 195584K, 0% used [0x0000000770380000,0x0000000770380000,0x000000077c280000)
  from space 10240K, 99% used [0x000000077c280000,0x000000077cc7d1d0,0x000000077cc80000)
  to   space 12288K, 0% used [0x0000000783080000,0x0000000783080000,0x0000000783c80000)
 ParOldGen       total 89088K, used 8514K [0x00000006d0a00000, 0x00000006d6100000, 0x0000000770380000)
  object space 89088K, 9% used [0x00000006d0a00000,0x00000006d12508e0,0x00000006d6100000)
 Metaspace       used 34056K, capacity 35380K, committed 35456K, reserved 1079296K
  class space    used 4434K, capacity 4704K, committed 4736K, reserved 1048576K
}
Event: 9.235 GC heap before
{Heap before GC invocations=9 (full 2):
 PSYoungGen      total 205824K, used 10228K [0x0000000770380000, 0x0000000783c80000, 0x00000007c0000000)
  eden space 195584K, 0% used [0x0000000770380000,0x0000000770380000,0x000000077c280000)
  from space 10240K, 99% used [0x000000077c280000,0x000000077cc7d1d0,0x000000077cc80000)
  to   space 12288K, 0% used [0x0000000783080000,0x0000000783080000,0x0000000783c80000)
 ParOldGen       total 89088K, used 8514K [0x00000006d0a00000, 0x00000006d6100000, 0x0000000770380000)
  object space 89088K, 9% used [0x00000006d0a00000,0x00000006d12508e0,0x00000006d6100000)
 Metaspace       used 34056K, capacity 35380K, committed 35456K, reserved 1079296K
  class space    used 4434K, capacity 4704K, committed 4736K, reserved 1048576K
Event: 9.271 GC heap after
Heap after GC invocations=9 (full 2):
 PSYoungGen      total 205824K, used 0K [0x0000000770380000, 0x0000000783c80000, 0x00000007c0000000)
  eden space 195584K, 0% used [0x0000000770380000,0x0000000770380000,0x000000077c280000)
  from space 10240K, 0% used [0x000000077c280000,0x000000077c280000,0x000000077cc80000)
  to   space 12288K, 0% used [0x0000000783080000,0x0000000783080000,0x0000000783c80000)
 ParOldGen       total 131584K, used 16809K [0x00000006d0a00000, 0x00000006d8a80000, 0x0000000770380000)
  object space 131584K, 12% used [0x00000006d0a00000,0x00000006d1a6a698,0x00000006d8a80000)
 Metaspace       used 34056K, capacity 35380K, committed 35456K, reserved 1079296K
  class space    used 4434K, capacity 4704K, committed 4736K, reserved 1048576K
}
Event: 10.262 GC heap before
{Heap before GC invocations=10 (full 2):
 PSYoungGen      total 205824K, used 195584K [0x0000000770380000, 0x0000000783c80000, 0x00000007c0000000)
  eden space 195584K, 100% used [0x0000000770380000,0x000000077c280000,0x000000077c280000)
  from space 10240K, 0% used [0x000000077c280000,0x000000077c280000,0x000000077cc80000)
  to   space 12288K, 0% used [0x0000000783080000,0x0000000783080000,0x0000000783c80000)
 ParOldGen       total 131584K, used 16809K [0x00000006d0a00000, 0x00000006d8a80000, 0x0000000770380000)
  object space 131584K, 12% used [0x00000006d0a00000,0x00000006d1a6a698,0x00000006d8a80000)
 Metaspace       used 38500K, capacity 39920K, committed 40192K, reserved 1083392K
  class space    used 5032K, capacity 5312K, committed 5376K, reserved 1048576K
Event: 10.270 GC heap after
Heap after GC invocations=10 (full 2):
 PSYoungGen      total 308736K, used 7674K [0x0000000770380000, 0x0000000784d00000, 0x00000007c0000000)
  eden space 296448K, 0% used [0x0000000770380000,0x0000000770380000,0x0000000782500000)
  from space 12288K, 62% used [0x0000000783080000,0x00000007837feab0,0x0000000783c80000)
  to   space 11776K, 0% used [0x0000000782500000,0x0000000782500000,0x0000000783080000)
 ParOldGen       total 131584K, used 16817K [0x00000006d0a00000, 0x00000006d8a80000, 0x0000000770380000)
  object space 131584K, 12% used [0x00000006d0a00000,0x00000006d1a6c698,0x00000006d8a80000)
 Metaspace       used 38500K, capacity 39920K, committed 40192K, reserved 1083392K
  class space    used 5032K, capacity 5312K, committed 5376K, reserved 1048576K
}
Event: 13.589 GC heap before
{Heap before GC invocations=11 (full 2):
 PSYoungGen      total 308736K, used 281795K [0x0000000770380000, 0x0000000784d00000, 0x00000007c0000000)
  eden space 296448K, 92% used [0x0000000770380000,0x0000000780f32448,0x0000000782500000)
  from space 12288K, 62% used [0x0000000783080000,0x00000007837feab0,0x0000000783c80000)
  to   space 11776K, 0% used [0x0000000782500000,0x0000000782500000,0x0000000783080000)
 ParOldGen       total 131584K, used 16817K [0x00000006d0a00000, 0x00000006d8a80000, 0x0000000770380000)
  object space 131584K, 12% used [0x00000006d0a00000,0x00000006d1a6c698,0x00000006d8a80000)
 Metaspace       used 56664K, capacity 58958K, committed 59096K, reserved 1099776K
  class space    used 7510K, capacity 8111K, committed 8192K, reserved 1048576K
Event: 13.606 GC heap after
Heap after GC invocations=11 (full 2):
 PSYoungGen      total 308224K, used 11771K [0x0000000770380000, 0x0000000784d00000, 0x00000007c0000000)
  eden space 296448K, 0% used [0x0000000770380000,0x0000000770380000,0x0000000782500000)
  from space 11776K, 99% used [0x0000000782500000,0x000000078307eef0,0x0000000783080000)
  to   space 12288K, 0% used [0x0000000783080000,0x0000000783080000,0x0000000783c80000)
 ParOldGen       total 131584K, used 29436K [0x00000006d0a00000, 0x00000006d8a80000, 0x0000000770380000)
  object space 131584K, 22% used [0x00000006d0a00000,0x00000006d26bf300,0x00000006d8a80000)
 Metaspace       used 56664K, capacity 58958K, committed 59096K, reserved 1099776K
  class space    used 7510K, capacity 8111K, committed 8192K, reserved 1048576K
}
Event: 13.606 GC heap before
{Heap before GC invocations=12 (full 3):
 PSYoungGen      total 308224K, used 11771K [0x0000000770380000, 0x0000000784d00000, 0x00000007c0000000)
  eden space 296448K, 0% used [0x0000000770380000,0x0000000770380000,0x0000000782500000)
  from space 11776K, 99% used [0x0000000782500000,0x000000078307eef0,0x0000000783080000)
  to   space 12288K, 0% used [0x0000000783080000,0x0000000783080000,0x0000000783c80000)
 ParOldGen       total 131584K, used 29436K [0x00000006d0a00000, 0x00000006d8a80000, 0x0000000770380000)
  object space 131584K, 22% used [0x00000006d0a00000,0x00000006d26bf300,0x00000006d8a80000)
 Metaspace       used 56664K, capacity 58958K, committed 59096K, reserved 1099776K
  class space    used 7510K, capacity 8111K, committed 8192K, reserved 1048576K
Event: 13.698 GC heap after
Heap after GC invocations=12 (full 3):
 PSYoungGen      total 308224K, used 0K [0x0000000770380000, 0x0000000784d00000, 0x00000007c0000000)
  eden space 296448K, 0% used [0x0000000770380000,0x0000000770380000,0x0000000782500000)
  from space 11776K, 0% used [0x0000000782500000,0x0000000782500000,0x0000000783080000)
  to   space 12288K, 0% used [0x0000000783080000,0x0000000783080000,0x0000000783c80000)
 ParOldGen       total 131584K, used 34738K [0x00000006d0a00000, 0x00000006d8a80000, 0x0000000770380000)
  object space 131584K, 26% used [0x00000006d0a00000,0x00000006d2bec9e0,0x00000006d8a80000)
 Metaspace       used 56664K, capacity 58958K, committed 59096K, reserved 1099776K
  class space    used 7510K, capacity 8111K, committed 8192K, reserved 1048576K
}

Deoptimization events (10 events):
Event: 12.231 Thread 0x0000000002808800 Uncommon trap: reason=class_check action=maybe_recompile pc=0x00000000030b3598 method=java.util.AbstractList$Itr.hasNext()Z @ 8
Event: 12.231 Thread 0x0000000002808800 Uncommon trap: reason=class_check action=maybe_recompile pc=0x00000000030d55d8 method=java.util.AbstractList$Itr.next()Ljava/lang/Object; @ 14
Event: 12.888 Thread 0x0000000002808800 Uncommon trap: reason=class_check action=maybe_recompile pc=0x00000000030b3598 method=java.util.AbstractList$Itr.hasNext()Z @ 8
Event: 12.888 Thread 0x0000000002808800 Uncommon trap: reason=class_check action=maybe_recompile pc=0x00000000030d55d8 method=java.util.AbstractList$Itr.next()Ljava/lang/Object; @ 14
Event: 13.237 Thread 0x0000000002808800 Uncommon trap: reason=unstable_if action=reinterpret pc=0x00000000030a099c method=java.io.WinNTFileSystem.isLetter(C)Z @ 3
Event: 13.237 Thread 0x0000000002808800 Uncommon trap: reason=unstable_if action=reinterpret pc=0x0000000003362d80 method=java.io.WinNTFileSystem.prefixLength(Ljava/lang/String;)I @ 42
Event: 13.765 Thread 0x00000000217fd000 Uncommon trap: reason=unstable_if action=reinterpret pc=0x0000000002c11150 method=java.lang.AbstractStringBuilder.append(Ljava/lang/String;)Ljava/lang/AbstractStringBuilder; @ 1
Event: 13.766 Thread 0x00000000217fd000 Uncommon trap: reason=unstable_if action=reinterpret pc=0x0000000002c15b00 method=java.lang.AbstractStringBuilder.append(Ljava/lang/String;)Ljava/lang/AbstractStringBuilder; @ 1
Event: 44.031 Thread 0x0000000002808800 Uncommon trap: reason=null_check action=make_not_entrant pc=0x0000000002b30dd0 method=org.springframework.util.ClassUtils.isAssignable(Ljava/lang/Class;Ljava/lang/Class;)Z @ 14
Event: 44.117 Thread 0x0000000002808800 Uncommon trap: reason=null_check action=make_not_entrant pc=0x00000000031fbbe0 method=org.springframework.core.annotation.AnnotatedElementUtils.searchWithGetSemanticsInAnnotations(Ljava/lang/reflect/AnnotatedElement;Ljava/util/List;Ljava/lang/Class;Ljava/

Classes redefined (0 events):
No events

Internal exceptions (10 events):
Event: 44.182 Thread 0x0000000002808800 Exception <a 'java/lang/ClassNotFoundException': org/springframework/boot/autoconfigure/web/servlet/ServletWebServerFactoryConfiguration$EmbeddedTomcat$$EnhancerBySpringCGLIB$$e2e87593Customizer> (0x0000000778715e60) thrown at [C:\re\workspace\8-2-build-w
Event: 44.183 Thread 0x0000000002808800 Exception <a 'java/lang/ClassNotFoundException': org/springframework/context/annotation/ConfigurationClassEnhancer$EnhancedConfigurationCustomizer> (0x00000007787725f0) thrown at [C:\re\workspace\8-2-build-windows-amd64-cygwin\jdk8u231\13620\hotspot\src\s
Event: 44.208 Thread 0x0000000002808800 Exception <a 'java/lang/ClassNotFoundException': java/lang/ObjectCustomizer> (0x0000000778aa2f68) thrown at [C:\re\workspace\8-2-build-windows-amd64-cygwin\jdk8u231\13620\hotspot\src\share\vm\classfile\systemDictionary.cpp, line 210]
Event: 44.208 Thread 0x0000000002808800 Exception <a 'java/lang/ClassNotFoundException': org/springframework/boot/web/server/AbstractConfigurableWebServerFactoryCustomizer> (0x0000000778af03b0) thrown at [C:\re\workspace\8-2-build-windows-amd64-cygwin\jdk8u231\13620\hotspot\src\share\vm\classfi
Event: 44.209 Thread 0x0000000002808800 Exception <a 'java/lang/ClassNotFoundException': org/springframework/boot/web/servlet/server/AbstractServletWebServerFactoryCustomizer> (0x0000000778b58d30) thrown at [C:\re\workspace\8-2-build-windows-amd64-cygwin\jdk8u231\13620\hotspot\src\share\vm\clas
Event: 44.210 Thread 0x0000000002808800 Exception <a 'java/lang/ClassNotFoundException': org/springframework/boot/web/embedded/tomcat/TomcatServletWebServerFactoryCustomizer> (0x0000000778bcc540) thrown at [C:\re\workspace\8-2-build-windows-amd64-cygwin\jdk8u231\13620\hotspot\src\share\vm\class
Event: 44.212 Thread 0x0000000002808800 Exception <a 'java/lang/ClassNotFoundException': org/springframework/boot/web/embedded/tomcat/ConfigurableTomcatWebServerFactoryCustomizer> (0x0000000778c832e8) thrown at [C:\re\workspace\8-2-build-windows-amd64-cygwin\jdk8u231\13620\hotspot\src\share\vm\
Event: 44.212 Thread 0x0000000002808800 Exception <a 'java/lang/ClassNotFoundException': org/springframework/context/ResourceLoaderAwareCustomizer> (0x0000000778cc26a0) thrown at [C:\re\workspace\8-2-build-windows-amd64-cygwin\jdk8u231\13620\hotspot\src\share\vm\classfile\systemDictionary.cpp, 
Event: 44.213 Thread 0x0000000002808800 Exception <a 'java/lang/ClassNotFoundException': org/springframework/boot/web/servlet/server/ConfigurableServletWebServerFactoryCustomizer> (0x0000000778d13598) thrown at [C:\re\workspace\8-2-build-windows-amd64-cygwin\jdk8u231\13620\hotspot\src\share\vm\
Event: 44.214 Thread 0x0000000002808800 Exception <a 'java/lang/ClassNotFoundException': org/springframework/boot/web/server/ConfigurableWebServerFactoryCustomizer> (0x0000000778d67e90) thrown at [C:\re\workspace\8-2-build-windows-amd64-cygwin\jdk8u231\13620\hotspot\src\share\vm\classfile\syste

Events (10 events):
Event: 44.213 loading class org/springframework/boot/web/servlet/server/ConfigurableServletWebServerFactoryCustomizer
Event: 44.213 loading class org/springframework/boot/web/servlet/server/ConfigurableServletWebServerFactoryCustomizer done
Event: 44.213 loading class org/springframework/boot/web/servlet/server/ConfigurableServletWebServerFactoryCustomizer
Event: 44.213 loading class org/springframework/boot/web/servlet/server/ConfigurableServletWebServerFactoryCustomizer done
Event: 44.213 loading class org/springframework/boot/web/server/ConfigurableWebServerFactoryCustomizer
Event: 44.213 loading class org/springframework/boot/web/server/ConfigurableWebServerFactoryCustomizer done
Event: 44.213 loading class org/springframework/boot/web/server/ConfigurableWebServerFactoryCustomizer
Event: 44.213 loading class org/springframework/boot/web/server/ConfigurableWebServerFactoryCustomizer done
Event: 44.214 loading class org/springframework/boot/web/server/ConfigurableWebServerFactoryCustomizer
Event: 44.214 loading class org/springframework/boot/web/server/ConfigurableWebServerFactoryCustomizer done


Dynamic libraries:
0x00007ff7921b0000 - 0x00007ff7921e7000 	D:\jdk\bin\java.exe
0x00007ffe9a340000 - 0x00007ffe9a530000 	C:\WINDOWS\SYSTEM32\ntdll.dll
0x00007ffe998a0000 - 0x00007ffe99952000 	C:\WINDOWS\System32\KERNEL32.DLL
0x00007ffe98090000 - 0x00007ffe98333000 	C:\WINDOWS\System32\KERNELBASE.dll
0x00007ffe99b40000 - 0x00007ffe99be3000 	C:\WINDOWS\System32\ADVAPI32.dll
0x00007ffe98d50000 - 0x00007ffe98dee000 	C:\WINDOWS\System32\msvcrt.dll
0x00007ffe99800000 - 0x00007ffe99897000 	C:\WINDOWS\System32\sechost.dll
0x00007ffe98a50000 - 0x00007ffe98b70000 	C:\WINDOWS\System32\RPCRT4.dll
0x00007ffe9a160000 - 0x00007ffe9a2f4000 	C:\WINDOWS\System32\USER32.dll
0x00007ffe974c0000 - 0x00007ffe974e1000 	C:\WINDOWS\System32\win32u.dll
0x00007ffe98480000 - 0x00007ffe984a6000 	C:\WINDOWS\System32\GDI32.dll
0x00007ffe97750000 - 0x00007ffe978e4000 	C:\WINDOWS\System32\gdi32full.dll
0x00007ffe972d0000 - 0x00007ffe9736e000 	C:\WINDOWS\System32\msvcp_win.dll
0x00007ffe973c0000 - 0x00007ffe974ba000 	C:\WINDOWS\System32\ucrtbase.dll
0x00007ffe8e5a0000 - 0x00007ffe8e825000 	C:\WINDOWS\WinSxS\amd64_microsoft.windows.common-controls_6595b64144ccf1df_6.0.18362.476_none_e6c4b11b130f2595\COMCTL32.dll
0x00007ffe99db0000 - 0x00007ffe9a0e6000 	C:\WINDOWS\System32\combase.dll
0x00007ffe98340000 - 0x00007ffe983c0000 	C:\WINDOWS\System32\bcryptPrimitives.dll
0x00007ffe98450000 - 0x00007ffe9847e000 	C:\WINDOWS\System32\IMM32.DLL
0x000000005ffd0000 - 0x00000000600a2000 	D:\jdk\jre\bin\msvcr100.dll
0x000000005e6e0000 - 0x000000005ef86000 	D:\jdk\jre\bin\server\jvm.dll
0x00007ffe98ea0000 - 0x00007ffe98ea8000 	C:\WINDOWS\System32\PSAPI.DLL
0x00007ffe939d0000 - 0x00007ffe939d9000 	C:\WINDOWS\SYSTEM32\WSOCK32.dll
0x00007ffe927c0000 - 0x00007ffe927ca000 	C:\WINDOWS\SYSTEM32\VERSION.dll
0x00007ffe93e80000 - 0x00007ffe93ea4000 	C:\WINDOWS\SYSTEM32\WINMM.dll
0x00007ffe9a0f0000 - 0x00007ffe9a15f000 	C:\WINDOWS\System32\WS2_32.dll
0x00007ffe93e50000 - 0x00007ffe93e7d000 	C:\WINDOWS\SYSTEM32\winmmbase.dll
0x00007ffe97370000 - 0x00007ffe973ba000 	C:\WINDOWS\System32\cfgmgr32.dll
0x00007ffe93130000 - 0x00007ffe9313f000 	D:\jdk\jre\bin\verify.dll
0x00007ffe815f0000 - 0x00007ffe81619000 	D:\jdk\jre\bin\java.dll
0x00007ffe815c0000 - 0x00007ffe815e3000 	D:\jdk\jre\bin\instrument.dll
0x00007ffe81a40000 - 0x00007ffe81a56000 	D:\jdk\jre\bin\zip.dll
0x00007ffe98ec0000 - 0x00007ffe995a5000 	C:\WINDOWS\System32\SHELL32.dll
0x00007ffe99a90000 - 0x00007ffe99b39000 	C:\WINDOWS\System32\shcore.dll
0x00007ffe97910000 - 0x00007ffe9808e000 	C:\WINDOWS\System32\windows.storage.dll
0x00007ffe97270000 - 0x00007ffe9728f000 	C:\WINDOWS\System32\profapi.dll
0x00007ffe97220000 - 0x00007ffe9726a000 	C:\WINDOWS\System32\powrprof.dll
0x00007ffe97210000 - 0x00007ffe97220000 	C:\WINDOWS\System32\UMPDC.dll
0x00007ffe989f0000 - 0x00007ffe98a42000 	C:\WINDOWS\System32\shlwapi.dll
0x00007ffe97290000 - 0x00007ffe972a1000 	C:\WINDOWS\System32\kernel.appcore.dll
0x00007ffe978f0000 - 0x00007ffe97907000 	C:\WINDOWS\System32\cryptsp.dll
0x00007ffe81a00000 - 0x00007ffe81a1a000 	D:\IntelliJ IDEA 2019.1.3\bin\breakgen64.dll
0x00007ffe81560000 - 0x00007ffe8157a000 	D:\jdk\jre\bin\net.dll
0x000000001de20000 - 0x000000001f267000 	C:\WINDOWS\system32\networkdlllspx64.dll
0x00007ffe984b0000 - 0x00007ffe98574000 	C:\WINDOWS\System32\oleaut32.dll
0x00007ffe96250000 - 0x00007ffe96281000 	C:\WINDOWS\SYSTEM32\ntmarta.dll
0x00007ffe96a20000 - 0x00007ffe96a87000 	C:\WINDOWS\system32\mswsock.dll
0x00007ffe95c70000 - 0x00007ffe95c7a000 	C:\WINDOWS\system32\wshqos.dll
0x00007ffe95c60000 - 0x00007ffe95c68000 	C:\WINDOWS\SYSTEM32\wshtcpip.DLL
0x00007ffe95c50000 - 0x00007ffe95c58000 	C:\WINDOWS\SYSTEM32\wship6.dll
0x00007ffe96730000 - 0x00007ffe9676a000 	C:\WINDOWS\SYSTEM32\IPHLPAPI.DLL
0x00007ffe99bf0000 - 0x00007ffe99bf8000 	C:\WINDOWS\System32\NSI.dll
0x00007ffe90ea0000 - 0x00007ffe90eb6000 	C:\WINDOWS\SYSTEM32\dhcpcsvc6.DLL
0x00007ffe90e80000 - 0x00007ffe90e9c000 	C:\WINDOWS\SYSTEM32\dhcpcsvc.DLL
0x00007ffe96770000 - 0x00007ffe9683a000 	C:\WINDOWS\SYSTEM32\DNSAPI.dll
0x00007ffe8fef0000 - 0x00007ffe8fefd000 	D:\jdk\jre\bin\management.dll
0x00007ffe81540000 - 0x00007ffe81552000 	D:\jdk\jre\bin\nio.dll
0x00007ffe82200000 - 0x00007ffe82216000 	C:\WINDOWS\system32\napinsp.dll
0x00007ffe821e0000 - 0x00007ffe821fa000 	C:\WINDOWS\system32\pnrpnsp.dll
0x00007ffe76e80000 - 0x00007ffe76e8e000 	C:\WINDOWS\System32\winrnr.dll
0x00007ffe93a80000 - 0x00007ffe93a9c000 	C:\WINDOWS\system32\NLAapi.dll
0x00007ffe79de0000 - 0x00007ffe79df5000 	C:\WINDOWS\system32\wshbth.dll
0x00007ffe8faa0000 - 0x00007ffe8faaa000 	C:\Windows\System32\rasadhlp.dll
0x00007ffe90910000 - 0x00007ffe90987000 	C:\WINDOWS\System32\fwpuclnt.dll
0x00007ffe983c0000 - 0x00007ffe983e6000 	C:\WINDOWS\System32\bcrypt.dll
0x00007ffe96590000 - 0x00007ffe965c3000 	C:\WINDOWS\system32\rsaenh.dll
0x00007ffe97130000 - 0x00007ffe97155000 	C:\WINDOWS\SYSTEM32\USERENV.dll
0x00007ffe96bf0000 - 0x00007ffe96bfc000 	C:\WINDOWS\SYSTEM32\CRYPTBASE.dll

VM Arguments:
jvm_args: -ea -Didea.test.cyclic.buffer.size=1048576 -javaagent:D:\IntelliJ IDEA 2019.1.3\lib\idea_rt.jar=5258:D:\IntelliJ IDEA 2019.1.3\bin -Dfile.encoding=UTF-8 
java_command: com.intellij.rt.execution.junit.JUnitStarter -ideVersion5 -junit4 com.leyou.client.ElasticsearchTest,testAgg
java_class_path (initial): D:\IntelliJ IDEA 2019.1.3\lib\idea_rt.jar;D:\IntelliJ IDEA 2019.1.3\plugins\junit\lib\junit-rt.jar;D:\IntelliJ IDEA 2019.1.3\plugins\junit\lib\junit5-rt.jar;D:\jdk\jre\lib\charsets.jar;D:\jdk\jre\lib\deploy.jar;D:\jdk\jre\lib\ext\access-bridge-64.jar;D:\jdk\jre\lib\ext\cldrdata.jar;D:\jdk\jre\lib\ext\dnsns.jar;D:\jdk\jre\lib\ext\jaccess.jar;D:\jdk\jre\lib\ext\jfxrt.jar;D:\jdk\jre\lib\ext\localedata.jar;D:\jdk\jre\lib\ext\nashorn.jar;D:\jdk\jre\lib\ext\sunec.jar;D:\jdk\jre\lib\ext\sunjce_provider.jar;D:\jdk\jre\lib\ext\sunmscapi.jar;D:\jdk\jre\lib\ext\sunpkcs11.jar;D:\jdk\jre\lib\ext\zipfs.jar;D:\jdk\jre\lib\javaws.jar;D:\jdk\jre\lib\jce.jar;D:\jdk\jre\lib\jfr.jar;D:\jdk\jre\lib\jfxswt.jar;D:\jdk\jre\lib\jsse.jar;D:\jdk\jre\lib\management-agent.jar;D:\jdk\jre\lib\plugin.jar;D:\jdk\jre\lib\resources.jar;D:\jdk\jre\lib\rt.jar;E:\leyoulearning\leyouBySelf\leyou-search\target\test-classes;E:\leyoulearning\leyouBySelf\leyou-search\target\classes;D:\maven\repository\org\springframework\boot\spring-boot-starter-web\2.0.4.RELEASE\spring-boot-starter-web-2.0.4.RELEASE.jar;D:\maven\repository\org\springframework\boot\spring-boot-starter\2.0.4.RELEASE\spring-boot-starter-2.0.4.RELEASE.jar;D:\maven\repository\org\springframework\boot\spring-boot\2.0.4.RELEASE\spring-boot-2.0.4.RELEASE.jar;D:\maven\repository\org\springframework\boot\spring-boot-autoconfigure\2.0.4.RELEASE\spring-boot-autoconfigure-2.0.4.RELEASE.jar;D:\maven\repository\org\springframework\boot\spring-boot-starter-logging\2.0.4.RELEASE\spring-boot-starter-logging-2.0.4.RELEASE.jar;D:\maven\repository\ch\qos\logback\logback-classic\1.2.3\logback-classic-1.2.3.jar;D:\maven\repository\ch\qos\logback\logback-core\1.2.3\logback-core-1.2.3.jar;D:\maven\repository\org\apache\logging\log4j\log4j-to-slf4j\2.10.0\log4j-to-slf4j-2.10.0.jar;D:\maven\repository\org\slf4j\jul-to-slf4j\1.7.25\jul-to-slf4j-1.7.25.jar;D:\maven\repository\javax\annotation\javax.annotation-api\1.3.2\javax.annotation-api-
Launcher Type: SUN_STANDARD

Environment Variables:
JAVA_HOME=D:\jdk
PATH=C:\WINDOWS\system32;C:\WINDOWS;C:\WINDOWS\System32\Wbem;C:\WINDOWS\System32\WindowsPowerShell\v1.0\;C:\WINDOWS\System32\OpenSSH\;D:\Git\cmd;D:\nodejs\;D:\jdk\bin;D:\apache-maven-3.5.0\bin;D:\Go\bin;C:\Users\19172\AppData\Roaming\npm;C:\Program Files\Calibre2\;C:\Program Files\MySQL\MySQL Shell 8.0\bin\;C:\Users\19172\AppData\Local\Programs\Microsoft VS Code\bin;C:\Users\19172\go\bin;C:\Users\19172\AppData\Local\Microsoft\WindowsApps;
USERNAME=19172
OS=Windows_NT
PROCESSOR_IDENTIFIER=Intel64 Family 6 Model 158 Stepping 10, GenuineIntel



---------------  S Y S T E M  ---------------

OS: Windows 10.0 , 64 bit Build 18362 (10.0.18362.329)

CPU:total 6 (initial active 6) (6 cores per cpu, 1 threads per core) family 6 model 158 stepping 10, cmov, cx8, fxsr, mmx, sse, sse2, sse3, ssse3, sse4.1, sse4.2, popcnt, avx, avx2, aes, clmul, erms, 3dnowpref, lzcnt, tsc, tscinvbit, bmi1, bmi2, adx

Memory: 4k page, physical 15685592k(2160836k free), swap 22239316k(5352k free)

vm_info: Java HotSpot(TM) 64-Bit Server VM (25.231-b11) for windows-amd64 JRE (1.8.0_231-b11), built on Oct  5 2019 03:11:30 by "java_re" with MS VC++ 10.0 (VS2010)

time: Wed Dec 04 22:30:21 2019
timezone: 中国标准时间
elapsed time: 44 seconds (0d 0h 0m 44s)

