#
# There is insufficient memory for the Java Runtime Environment to continue.
# Native memory allocation (malloc) failed to allocate 1429024 bytes for Chunk::new
# Possible reasons:
#   The system is out of physical RAM or swap space
#   The process is running with CompressedOops enabled, and the Java Heap may be blocking the growth of the native heap
# Possible solutions:
#   Reduce memory load on the system
#   Increase physical memory or swap space
#   Check if swap backing store is full
#   Decrease Java heap size (-Xmx/-Xms)
#   Decrease number of Java threads
#   Decrease Java thread stack sizes (-Xss)
#   Set larger code cache with -XX:ReservedCodeCacheSize=
#   JVM is running with Zero Based Compressed Oops mode in which the Java heap is
#     placed in the first 32GB address space. The Java Heap base address is the
#     maximum limit for the native heap growth. Please use -XX:HeapBaseMinAddress
#     to set the Java Heap base and to place the Java Heap above 32GB virtual address.
# This output file may be truncated or incomplete.
#
#  Out of Memory Error (allocation.cpp:389), pid=13352, tid=0x000000000000179c
#
# JRE version: Java(TM) SE Runtime Environment (8.0_231-b11) (build 1.8.0_231-b11)
# Java VM: Java HotSpot(TM) 64-Bit Server VM (25.231-b11 mixed mode windows-amd64 compressed oops)
# Failed to write core dump. Minidumps are not enabled by default on client versions of Windows
#

---------------  T H R E A D  ---------------

Current thread (0x000000001d5d1000):  JavaThread "C2 CompilerThread0" daemon [_thread_in_native, id=6044, stack(0x000000001dc60000,0x000000001dd60000)]

Stack: [0x000000001dc60000,0x000000001dd60000]
[error occurred during error reporting (printing stack bounds), id 0xc0000005]

Native frames: (J=compiled Java code, j=interpreted, Vv=VM code, C=native code)


Current CompileTask:
C2:  13822 4327   !   4       org.springframework.core.annotation.AnnotationUtils::getAnnotatedMethodsInBaseType (163 bytes)


---------------  P R O C E S S  ---------------

Java Threads: ( => current thread )
  0x0000000027db0800 JavaThread "elasticsearch[_client_][[timer]]" daemon [_thread_blocked, id=2564, stack(0x0000000022850000,0x0000000022950000)]
  0x000000002058a000 JavaThread "Keep-Alive-Timer" daemon [_thread_blocked, id=10944, stack(0x0000000024320000,0x0000000024420000)]
  0x000000001d640800 JavaThread "Service Thread" daemon [_thread_blocked, id=17968, stack(0x000000001df60000,0x000000001e060000)]
  0x000000001d5d3000 JavaThread "C1 CompilerThread2" daemon [_thread_blocked, id=7460, stack(0x000000001de60000,0x000000001df60000)]
  0x000000001d5d1800 JavaThread "C2 CompilerThread1" daemon [_thread_blocked, id=8636, stack(0x000000001dd60000,0x000000001de60000)]
=>0x000000001d5d1000 JavaThread "C2 CompilerThread0" daemon [_thread_in_native, id=6044, stack(0x000000001dc60000,0x000000001dd60000)]
  0x000000001d5cf800 JavaThread "Monitor Ctrl-Break" daemon [_thread_in_native, id=652, stack(0x000000001db60000,0x000000001dc60000)]
  0x000000001bafb000 JavaThread "Attach Listener" daemon [_thread_blocked, id=17792, stack(0x000000001da60000,0x000000001db60000)]
  0x000000001d5b6800 JavaThread "Signal Dispatcher" daemon [_thread_blocked, id=7736, stack(0x000000001d960000,0x000000001da60000)]
  0x000000001bad4800 JavaThread "Finalizer" daemon [_thread_blocked, id=12592, stack(0x000000001d360000,0x000000001d460000)]
  0x000000001bacd800 JavaThread "Reference Handler" daemon [_thread_blocked, id=14072, stack(0x000000001d260000,0x000000001d360000)]
  0x0000000002958800 JavaThread "main" [_thread_in_vm, id=17280, stack(0x0000000002850000,0x0000000002950000)]

Other Threads:
  0x0000000002a4e800 VMThread [stack: 0x000000001d160000,0x000000001d260000] [id=6972]
  0x000000001d684000 WatcherThread [stack: 0x000000001f5f0000,0x000000001f6f0000] [id=18440]

VM state:not at safepoint (normal execution)

VM Mutex/Monitor currently owned by a thread: None

heap address: 0x00000006d0a00000, size: 3830 MB, Compressed Oops mode: Zero based, Oop shift amount: 3
Narrow klass base: 0x0000000000000000, Narrow klass shift: 3
Compressed class space size: 1073741824 Address: 0x00000007c0000000

Heap:
 PSYoungGen      total 334336K, used 56561K [0x0000000770380000, 0x0000000792d00000, 0x00000007c0000000)
  eden space 320512K, 13% used [0x0000000770380000,0x0000000772f068c8,0x0000000783c80000)
  from space 13824K, 86% used [0x0000000783c80000,0x0000000784835b50,0x0000000784a00000)
  to   space 14848K, 0% used [0x0000000791e80000,0x0000000791e80000,0x0000000792d00000)
 ParOldGen       total 121344K, used 14880K [0x00000006d0a00000, 0x00000006d8080000, 0x0000000770380000)
  object space 121344K, 12% used [0x00000006d0a00000,0x00000006d18880d0,0x00000006d8080000)
 Metaspace       used 47194K, capacity 49152K, committed 49368K, reserved 1091584K
  class space    used 6139K, capacity 6602K, committed 6656K, reserved 1048576K

Card table byte_map: [0x0000000011f50000,0x00000000126d0000] byte_map_base: 0x000000000e8cb000

Marking Bits: (ParMarkBitMap*) 0x000000005ef86d90
 Begin Bits: [0x00000000131d0000, 0x0000000016da8000)
 End Bits:   [0x0000000016da8000, 0x000000001a980000)

Polling page: 0x00000000003f0000

CodeCache: size=245760Kb used=15805Kb max_used=15805Kb free=229954Kb
 bounds [0x0000000002b90000, 0x0000000003b10000, 0x0000000011b90000]
 total_blobs=4652 nmethods=4150 adapters=413
 compilation: enabled

Compilation events (10 events):
Event: 13.798 Thread 0x000000001d5d3000 4566       3       java.lang.invoke.MethodHandles::identity (87 bytes)
Event: 13.799 Thread 0x000000001d5d3000 nmethod 4566 0x0000000003b01d10 code [0x0000000003b020a0, 0x0000000003b04058]
Event: 13.799 Thread 0x000000001d5d3000 4567       3       java.lang.invoke.DelegatingMethodHandle::rebind (8 bytes)
Event: 13.799 Thread 0x000000001d5d3000 nmethod 4567 0x0000000003aeb050 code [0x0000000003aeb1c0, 0x0000000003aeb498]
Event: 13.799 Thread 0x000000001d5d3000 4568       3       java.lang.invoke.SimpleMethodHandle::copyWithExtendL (7 bytes)
Event: 13.799 Thread 0x000000001d5d3000 nmethod 4568 0x0000000003b05550 code [0x0000000003b056e0, 0x0000000003b05a28]
Event: 13.799 Thread 0x000000001d5d3000 4569       3       java.lang.invoke.BoundMethodHandle::bindSingle (7 bytes)
Event: 13.799 Thread 0x000000001d5d3000 nmethod 4569 0x0000000003b05c10 code [0x0000000003b05d80, 0x0000000003b06048]
Event: 13.802 Thread 0x000000001d5d3000 4570       3       java.lang.invoke.ConstantCallSite::dynamicInvoker (5 bytes)
Event: 13.802 Thread 0x000000001d5d3000 nmethod 4570 0x0000000003b061d0 code [0x0000000003b06340, 0x0000000003b06668]

GC Heap History (10 events):
Event: 5.450 GC heap before
{Heap before GC invocations=5 (full 1):
 PSYoungGen      total 133120K, used 122880K [0x0000000770380000, 0x0000000780780000, 0x00000007c0000000)
  eden space 122880K, 100% used [0x0000000770380000,0x0000000777b80000,0x0000000777b80000)
  from space 10240K, 0% used [0x0000000777b80000,0x0000000777b80000,0x0000000778580000)
  to   space 10240K, 0% used [0x000000077fd80000,0x000000077fd80000,0x0000000780780000)
 ParOldGen       total 91136K, used 10008K [0x00000006d0a00000, 0x00000006d6300000, 0x0000000770380000)
  object space 91136K, 10% used [0x00000006d0a00000,0x00000006d13c6130,0x00000006d6300000)
 Metaspace       used 27626K, capacity 28604K, committed 28928K, reserved 1075200K
  class space    used 3580K, capacity 3786K, committed 3840K, reserved 1048576K
Event: 5.456 GC heap after
Heap after GC invocations=5 (full 1):
 PSYoungGen      total 209408K, used 7486K [0x0000000770380000, 0x0000000780500000, 0x00000007c0000000)
  eden space 201728K, 0% used [0x0000000770380000,0x0000000770380000,0x000000077c880000)
  from space 7680K, 97% used [0x000000077fd80000,0x00000007804cf8a8,0x0000000780500000)
  to   space 10240K, 0% used [0x000000077f100000,0x000000077f100000,0x000000077fb00000)
 ParOldGen       total 91136K, used 10016K [0x00000006d0a00000, 0x00000006d6300000, 0x0000000770380000)
  object space 91136K, 10% used [0x00000006d0a00000,0x00000006d13c8130,0x00000006d6300000)
 Metaspace       used 27626K, capacity 28604K, committed 28928K, reserved 1075200K
  class space    used 3580K, capacity 3786K, committed 3840K, reserved 1048576K
}
Event: 10.633 GC heap before
{Heap before GC invocations=6 (full 1):
 PSYoungGen      total 209408K, used 209214K [0x0000000770380000, 0x0000000780500000, 0x00000007c0000000)
  eden space 201728K, 100% used [0x0000000770380000,0x000000077c880000,0x000000077c880000)
  from space 7680K, 97% used [0x000000077fd80000,0x00000007804cf8a8,0x0000000780500000)
  to   space 10240K, 0% used [0x000000077f100000,0x000000077f100000,0x000000077fb00000)
 ParOldGen       total 91136K, used 10016K [0x00000006d0a00000, 0x00000006d6300000, 0x0000000770380000)
  object space 91136K, 10% used [0x00000006d0a00000,0x00000006d13c8130,0x00000006d6300000)
 Metaspace       used 33009K, capacity 34220K, committed 34304K, reserved 1079296K
  class space    used 4266K, capacity 4528K, committed 4608K, reserved 1048576K
Event: 10.646 GC heap after
Heap after GC invocations=6 (full 1):
 PSYoungGen      total 253440K, used 10218K [0x0000000770380000, 0x0000000785800000, 0x00000007c0000000)
  eden space 243200K, 0% used [0x0000000770380000,0x0000000770380000,0x000000077f100000)
  from space 10240K, 99% used [0x000000077f100000,0x000000077fafa948,0x000000077fb00000)
  to   space 14336K, 0% used [0x0000000784a00000,0x0000000784a00000,0x0000000785800000)
 ParOldGen       total 91136K, used 13700K [0x00000006d0a00000, 0x00000006d6300000, 0x0000000770380000)
  object space 91136K, 15% used [0x00000006d0a00000,0x00000006d17613d0,0x00000006d6300000)
 Metaspace       used 33009K, capacity 34220K, committed 34304K, reserved 1079296K
  class space    used 4266K, capacity 4528K, committed 4608K, reserved 1048576K
}
Event: 10.873 GC heap before
{Heap before GC invocations=7 (full 1):
 PSYoungGen      total 253440K, used 40828K [0x0000000770380000, 0x0000000785800000, 0x00000007c0000000)
  eden space 243200K, 12% used [0x0000000770380000,0x0000000772164a70,0x000000077f100000)
  from space 10240K, 99% used [0x000000077f100000,0x000000077fafa948,0x000000077fb00000)
  to   space 14336K, 0% used [0x0000000784a00000,0x0000000784a00000,0x0000000785800000)
 ParOldGen       total 91136K, used 13700K [0x00000006d0a00000, 0x00000006d6300000, 0x0000000770380000)
  object space 91136K, 15% used [0x00000006d0a00000,0x00000006d17613d0,0x00000006d6300000)
 Metaspace       used 34053K, capacity 35380K, committed 35416K, reserved 1079296K
  class space    used 4434K, capacity 4704K, committed 4736K, reserved 1048576K
Event: 10.880 GC heap after
Heap after GC invocations=7 (full 1):
 PSYoungGen      total 334848K, used 9587K [0x0000000770380000, 0x000000078a980000, 0x00000007c0000000)
  eden space 320512K, 0% used [0x0000000770380000,0x0000000770380000,0x0000000783c80000)
  from space 14336K, 66% used [0x0000000784a00000,0x000000078535cc70,0x0000000785800000)
  to   space 13824K, 0% used [0x0000000783c80000,0x0000000783c80000,0x0000000784a00000)
 ParOldGen       total 91136K, used 13708K [0x00000006d0a00000, 0x00000006d6300000, 0x0000000770380000)
  object space 91136K, 15% used [0x00000006d0a00000,0x00000006d17633d0,0x00000006d6300000)
 Metaspace       used 34053K, capacity 35380K, committed 35416K, reserved 1079296K
  class space    used 4434K, capacity 4704K, committed 4736K, reserved 1048576K
}
Event: 10.880 GC heap before
{Heap before GC invocations=8 (full 2):
 PSYoungGen      total 334848K, used 9587K [0x0000000770380000, 0x000000078a980000, 0x00000007c0000000)
  eden space 320512K, 0% used [0x0000000770380000,0x0000000770380000,0x0000000783c80000)
  from space 14336K, 66% used [0x0000000784a00000,0x000000078535cc70,0x0000000785800000)
  to   space 13824K, 0% used [0x0000000783c80000,0x0000000783c80000,0x0000000784a00000)
 ParOldGen       total 91136K, used 13708K [0x00000006d0a00000, 0x00000006d6300000, 0x0000000770380000)
  object space 91136K, 15% used [0x00000006d0a00000,0x00000006d17633d0,0x00000006d6300000)
 Metaspace       used 34053K, capacity 35380K, committed 35416K, reserved 1079296K
  class space    used 4434K, capacity 4704K, committed 4736K, reserved 1048576K
Event: 10.919 GC heap after
Heap after GC invocations=8 (full 2):
 PSYoungGen      total 334848K, used 0K [0x0000000770380000, 0x000000078a980000, 0x00000007c0000000)
  eden space 320512K, 0% used [0x0000000770380000,0x0000000770380000,0x0000000783c80000)
  from space 14336K, 0% used [0x0000000784a00000,0x0000000784a00000,0x0000000785800000)
  to   space 13824K, 0% used [0x0000000783c80000,0x0000000783c80000,0x0000000784a00000)
 ParOldGen       total 121344K, used 14872K [0x00000006d0a00000, 0x00000006d8080000, 0x0000000770380000)
  object space 121344K, 12% used [0x00000006d0a00000,0x00000006d18860d0,0x00000006d8080000)
 Metaspace       used 34053K, capacity 35380K, committed 35416K, reserved 1079296K
  class space    used 4434K, capacity 4704K, committed 4736K, reserved 1048576K
}
Event: 13.378 GC heap before
{Heap before GC invocations=9 (full 2):
 PSYoungGen      total 334848K, used 320512K [0x0000000770380000, 0x000000078a980000, 0x00000007c0000000)
  eden space 320512K, 100% used [0x0000000770380000,0x0000000783c80000,0x0000000783c80000)
  from space 14336K, 0% used [0x0000000784a00000,0x0000000784a00000,0x0000000785800000)
  to   space 13824K, 0% used [0x0000000783c80000,0x0000000783c80000,0x0000000784a00000)
 ParOldGen       total 121344K, used 14872K [0x00000006d0a00000, 0x00000006d8080000, 0x0000000770380000)
  object space 121344K, 12% used [0x00000006d0a00000,0x00000006d18860d0,0x00000006d8080000)
 Metaspace       used 42780K, capacity 44554K, committed 44632K, reserved 1087488K
  class space    used 5593K, capacity 5945K, committed 6016K, reserved 1048576K
Event: 13.390 GC heap after
Heap after GC invocations=9 (full 2):
 PSYoungGen      total 334336K, used 11990K [0x0000000770380000, 0x0000000792d00000, 0x00000007c0000000)
  eden space 320512K, 0% used [0x0000000770380000,0x0000000770380000,0x0000000783c80000)
  from space 13824K, 86% used [0x0000000783c80000,0x0000000784835b50,0x0000000784a00000)
  to   space 14848K, 0% used [0x0000000791e80000,0x0000000791e80000,0x0000000792d00000)
 ParOldGen       total 121344K, used 14880K [0x00000006d0a00000, 0x00000006d8080000, 0x0000000770380000)
  object space 121344K, 12% used [0x00000006d0a00000,0x00000006d18880d0,0x00000006d8080000)
 Metaspace       used 42780K, capacity 44554K, committed 44632K, reserved 1087488K
  class space    used 5593K, capacity 5945K, committed 6016K, reserved 1048576K
}

Deoptimization events (10 events):
Event: 12.134 Thread 0x0000000002958800 Uncommon trap: reason=unstable_if action=reinterpret pc=0x0000000002c9dbd8 method=org.springframework.beans.factory.support.RootBeanDefinition.equals(Ljava/lang/Object;)Z @ 2
Event: 12.143 Thread 0x0000000002958800 Uncommon trap: reason=range_check action=make_not_entrant pc=0x00000000037f1620 method=java.lang.String.charAt(I)C @ 27
Event: 12.249 Thread 0x0000000002958800 Uncommon trap: reason=unstable_if action=reinterpret pc=0x000000000383021c method=org.springframework.beans.factory.support.AbstractBeanFactory.isTypeMatch(Ljava/lang/String;Lorg/springframework/core/ResolvableType;)Z @ 471
Event: 12.410 Thread 0x0000000002958800 Uncommon trap: reason=unstable_if action=reinterpret pc=0x000000000345bbd0 method=org.springframework.boot.context.properties.source.ConfigurationPropertyName.cleanupCharSequence(Ljava/lang/CharSequence;Lorg/springframework/boot/context/properties/source/
Event: 12.791 Thread 0x0000000002958800 Uncommon trap: reason=unstable_if action=reinterpret pc=0x000000000354125c method=java.util.Properties.loadConvert([CII[C)Ljava/lang/String; @ 57
Event: 12.848 Thread 0x0000000002958800 Uncommon trap: reason=unstable_if action=reinterpret pc=0x000000000341738c method=java.util.regex.Pattern$BmpCharProperty.match(Ljava/util/regex/Matcher;ILjava/lang/CharSequence;)Z @ 34
Event: 13.284 Thread 0x0000000002958800 Uncommon trap: reason=class_check action=maybe_recompile pc=0x000000000319c784 method=java.util.zip.InflaterInputStream.read([BII)I @ 100
Event: 13.284 Thread 0x0000000002958800 Uncommon trap: reason=class_check action=maybe_recompile pc=0x000000000319c784 method=java.util.zip.InflaterInputStream.read([BII)I @ 100
Event: 13.559 Thread 0x0000000002958800 Uncommon trap: reason=unstable_if action=reinterpret pc=0x0000000003660930 method=java.net.URLStreamHandler.parseURL(Ljava/net/URL;Ljava/lang/String;II)V @ 57
Event: 13.613 Thread 0x0000000002958800 Uncommon trap: reason=unstable_if action=reinterpret pc=0x0000000002defdec method=jdk.internal.org.objectweb.asm.Type.getArgumentsAndReturnSizes(Ljava/lang/String;)I @ 41

Classes redefined (0 events):
No events

Internal exceptions (10 events):
Event: 12.756 Thread 0x0000000002958800 Exception <a 'java/lang/ClassNotFoundException': org/springframework/boot/autoconfigure/data/elasticsearch/ElasticsearchAutoConfigurationCustomizer> (0x0000000781f5fa80) thrown at [C:\re\workspace\8-2-build-windows-amd64-cygwin\jdk8u231\13620\hotspot\src\
Event: 12.757 Thread 0x0000000002958800 Exception <a 'java/lang/ClassNotFoundException': org/springframework/boot/autoconfigure/data/elasticsearch/ElasticsearchAutoConfiguration$$EnhancerBySpringCGLIB$$434f24e1Customizer> (0x0000000781fd0c40) thrown at [C:\re\workspace\8-2-build-windows-amd64-c
Event: 12.758 Thread 0x0000000002958800 Exception <a 'java/lang/ClassNotFoundException': org/springframework/context/annotation/ConfigurationClassEnhancer$EnhancedConfigurationCustomizer> (0x000000078202e2d8) thrown at [C:\re\workspace\8-2-build-windows-amd64-cygwin\jdk8u231\13620\hotspot\src\s
Event: 13.276 Thread 0x0000000002958800 Exception <a 'java/lang/NoSuchMethodError': java.lang.Object.lambda$static$0(Ljava/lang/String;)Ljava/lang/String;> (0x00000007831418f0) thrown at [C:\re\workspace\8-2-build-windows-amd64-cygwin\jdk8u231\13620\hotspot\src\share\vm\interpreter\linkResolver
Event: 13.297 Thread 0x0000000002958800 Exception <a 'java/lang/NoSuchMethodError': org.slf4j.impl.StaticMarkerBinder.getSingleton()Lorg/slf4j/impl/StaticMarkerBinder;> (0x00000007833c3588) thrown at [C:\re\workspace\8-2-build-windows-amd64-cygwin\jdk8u231\13620\hotspot\src\share\vm\interpreter
Event: 13.525 Thread 0x0000000002958800 Exception <a 'java/lang/NoSuchMethodError': java.lang.Object.lambda$comparing$77a9974f$1(Ljava/util/function/Function;Ljava/lang/Object;Ljava/lang/Object;)I> (0x00000007712772c8) thrown at [C:\re\workspace\8-2-build-windows-amd64-cygwin\jdk8u231\13620\hot
Event: 13.646 Thread 0x0000000002958800 Exception <a 'java/lang/NoSuchMethodError': java.lang.Object.lambda$negate$1(Ljava/lang/Object;)Z> (0x0000000772003148) thrown at [C:\re\workspace\8-2-build-windows-amd64-cygwin\jdk8u231\13620\hotspot\src\share\vm\interpreter\linkResolver.cpp, line 620]
Event: 13.662 Thread 0x0000000002958800 Exception <a 'java/lang/IncompatibleClassChangeError': Found class java.lang.Object, but interface was expected> (0x00000007721ab9f8) thrown at [C:\re\workspace\8-2-build-windows-amd64-cygwin\jdk8u231\13620\hotspot\src\share\vm\interpreter\linkResolver.cp
Event: 13.669 Thread 0x0000000002958800 Exception <a 'java/lang/IncompatibleClassChangeError': Found class java.lang.Object, but interface was expected> (0x000000077225ece8) thrown at [C:\re\workspace\8-2-build-windows-amd64-cygwin\jdk8u231\13620\hotspot\src\share\vm\interpreter\linkResolver.cp
Event: 13.693 Thread 0x0000000002958800 Exception <a 'java/lang/IncompatibleClassChangeError': Found class java.lang.Object, but interface was expected> (0x0000000772511c38) thrown at [C:\re\workspace\8-2-build-windows-amd64-cygwin\jdk8u231\13620\hotspot\src\share\vm\interpreter\linkResolver.cp

Events (10 events):
Event: 13.819 loading class org/elasticsearch/common/io/stream/Writeable$Reader
Event: 13.819 loading class org/elasticsearch/common/io/stream/Writeable$Reader done
Event: 13.820 loading class org/elasticsearch/index/query/QueryParseContext
Event: 13.820 loading class org/elasticsearch/index/query/QueryParseContext done
Event: 13.820 loading class org/elasticsearch/index/query/QueryParser
Event: 13.820 loading class org/elasticsearch/index/query/QueryParser done
Event: 13.820 loading class org/elasticsearch/index/query/GeoPolygonQueryBuilder
Event: 13.820 loading class org/elasticsearch/index/query/GeoPolygonQueryBuilder done
Event: 13.821 loading class org/elasticsearch/common/io/stream/StreamInput
Event: 13.821 loading class org/elasticsearch/common/io/stream/StreamInput done


Dynamic libraries:
0x00007ff7235b0000 - 0x00007ff7235e7000 	D:\jdk\bin\java.exe
0x00007ffe9a340000 - 0x00007ffe9a530000 	C:\WINDOWS\SYSTEM32\ntdll.dll
0x00007ffe998a0000 - 0x00007ffe99952000 	C:\WINDOWS\System32\KERNEL32.DLL
0x00007ffe98090000 - 0x00007ffe98333000 	C:\WINDOWS\System32\KERNELBASE.dll
0x00007ffe99b40000 - 0x00007ffe99be3000 	C:\WINDOWS\System32\ADVAPI32.dll
0x00007ffe98d50000 - 0x00007ffe98dee000 	C:\WINDOWS\System32\msvcrt.dll
0x00007ffe99800000 - 0x00007ffe99897000 	C:\WINDOWS\System32\sechost.dll
0x00007ffe98a50000 - 0x00007ffe98b70000 	C:\WINDOWS\System32\RPCRT4.dll
0x00007ffe9a160000 - 0x00007ffe9a2f4000 	C:\WINDOWS\System32\USER32.dll
0x00007ffe974c0000 - 0x00007ffe974e1000 	C:\WINDOWS\System32\win32u.dll
0x00007ffe98480000 - 0x00007ffe984a6000 	C:\WINDOWS\System32\GDI32.dll
0x00007ffe97750000 - 0x00007ffe978e4000 	C:\WINDOWS\System32\gdi32full.dll
0x00007ffe972d0000 - 0x00007ffe9736e000 	C:\WINDOWS\System32\msvcp_win.dll
0x00007ffe973c0000 - 0x00007ffe974ba000 	C:\WINDOWS\System32\ucrtbase.dll
0x00007ffe8e5a0000 - 0x00007ffe8e825000 	C:\WINDOWS\WinSxS\amd64_microsoft.windows.common-controls_6595b64144ccf1df_6.0.18362.476_none_e6c4b11b130f2595\COMCTL32.dll
0x00007ffe99db0000 - 0x00007ffe9a0e6000 	C:\WINDOWS\System32\combase.dll
0x00007ffe98340000 - 0x00007ffe983c0000 	C:\WINDOWS\System32\bcryptPrimitives.dll
0x00007ffe98450000 - 0x00007ffe9847e000 	C:\WINDOWS\System32\IMM32.DLL
0x000000005f010000 - 0x000000005f0e2000 	D:\jdk\jre\bin\msvcr100.dll
0x000000005e760000 - 0x000000005f006000 	D:\jdk\jre\bin\server\jvm.dll
0x00007ffe98ea0000 - 0x00007ffe98ea8000 	C:\WINDOWS\System32\PSAPI.DLL
0x00007ffe773e0000 - 0x00007ffe773e9000 	C:\WINDOWS\SYSTEM32\WSOCK32.dll
0x00007ffe9a0f0000 - 0x00007ffe9a15f000 	C:\WINDOWS\System32\WS2_32.dll
0x00007ffe93e80000 - 0x00007ffe93ea4000 	C:\WINDOWS\SYSTEM32\WINMM.dll
0x00007ffe927c0000 - 0x00007ffe927ca000 	C:\WINDOWS\SYSTEM32\VERSION.dll
0x00007ffe93e50000 - 0x00007ffe93e7d000 	C:\WINDOWS\SYSTEM32\WINMMBASE.dll
0x00007ffe97370000 - 0x00007ffe973ba000 	C:\WINDOWS\System32\cfgmgr32.dll
0x00007ffe86ec0000 - 0x00007ffe86ecf000 	D:\jdk\jre\bin\verify.dll
0x00007ffe7e500000 - 0x00007ffe7e529000 	D:\jdk\jre\bin\java.dll
0x00007ffe6da20000 - 0x00007ffe6da43000 	D:\jdk\jre\bin\instrument.dll
0x00007ffe86dd0000 - 0x00007ffe86de6000 	D:\jdk\jre\bin\zip.dll
0x00007ffe98ec0000 - 0x00007ffe995a5000 	C:\WINDOWS\System32\SHELL32.dll
0x00007ffe99a90000 - 0x00007ffe99b39000 	C:\WINDOWS\System32\shcore.dll
0x00007ffe97910000 - 0x00007ffe9808e000 	C:\WINDOWS\System32\windows.storage.dll
0x00007ffe97270000 - 0x00007ffe9728f000 	C:\WINDOWS\System32\profapi.dll
0x00007ffe97220000 - 0x00007ffe9726a000 	C:\WINDOWS\System32\powrprof.dll
0x00007ffe97210000 - 0x00007ffe97220000 	C:\WINDOWS\System32\UMPDC.dll
0x00007ffe989f0000 - 0x00007ffe98a42000 	C:\WINDOWS\System32\shlwapi.dll
0x00007ffe97290000 - 0x00007ffe972a1000 	C:\WINDOWS\System32\kernel.appcore.dll
0x00007ffe978f0000 - 0x00007ffe97907000 	C:\WINDOWS\System32\cryptsp.dll
0x00007ffe727c0000 - 0x00007ffe727da000 	D:\IntelliJ IDEA 2019.1.3\bin\breakgen64.dll
0x00007ffe7f720000 - 0x00007ffe7f73a000 	D:\jdk\jre\bin\net.dll
0x000000001e060000 - 0x000000001f4a7000 	C:\WINDOWS\system32\networkdlllspx64.dll
0x00007ffe984b0000 - 0x00007ffe98574000 	C:\WINDOWS\System32\oleaut32.dll
0x00007ffe96250000 - 0x00007ffe96281000 	C:\WINDOWS\SYSTEM32\ntmarta.dll
0x00007ffe96a20000 - 0x00007ffe96a87000 	C:\WINDOWS\system32\mswsock.dll
0x00007ffe95c70000 - 0x00007ffe95c7a000 	C:\WINDOWS\system32\wshqos.dll
0x00007ffe95c60000 - 0x00007ffe95c68000 	C:\WINDOWS\SYSTEM32\wshtcpip.DLL
0x00007ffe95c50000 - 0x00007ffe95c58000 	C:\WINDOWS\SYSTEM32\wship6.dll
0x00007ffe96730000 - 0x00007ffe9676a000 	C:\WINDOWS\SYSTEM32\IPHLPAPI.DLL
0x00007ffe99bf0000 - 0x00007ffe99bf8000 	C:\WINDOWS\System32\NSI.dll
0x00007ffe90ea0000 - 0x00007ffe90eb6000 	C:\WINDOWS\SYSTEM32\dhcpcsvc6.DLL
0x00007ffe90e80000 - 0x00007ffe90e9c000 	C:\WINDOWS\SYSTEM32\dhcpcsvc.DLL
0x00007ffe96770000 - 0x00007ffe9683a000 	C:\WINDOWS\SYSTEM32\DNSAPI.dll
0x00007ffe7e4f0000 - 0x00007ffe7e4fd000 	D:\jdk\jre\bin\management.dll
0x00007ffe727e0000 - 0x00007ffe727f2000 	D:\jdk\jre\bin\nio.dll
0x00007ffe82200000 - 0x00007ffe82216000 	C:\WINDOWS\system32\napinsp.dll
0x00007ffe821e0000 - 0x00007ffe821fa000 	C:\WINDOWS\system32\pnrpnsp.dll
0x00007ffe76e80000 - 0x00007ffe76e8e000 	C:\WINDOWS\System32\winrnr.dll
0x00007ffe93a80000 - 0x00007ffe93a9c000 	C:\WINDOWS\system32\NLAapi.dll
0x00007ffe79de0000 - 0x00007ffe79df5000 	C:\WINDOWS\system32\wshbth.dll
0x00007ffe8faa0000 - 0x00007ffe8faaa000 	C:\Windows\System32\rasadhlp.dll
0x00007ffe90910000 - 0x00007ffe90987000 	C:\WINDOWS\System32\fwpuclnt.dll
0x00007ffe983c0000 - 0x00007ffe983e6000 	C:\WINDOWS\System32\bcrypt.dll

VM Arguments:
jvm_args: -ea -Didea.test.cyclic.buffer.size=1048576 -javaagent:D:\IntelliJ IDEA 2019.1.3\lib\idea_rt.jar=2908:D:\IntelliJ IDEA 2019.1.3\bin -Dfile.encoding=UTF-8 
java_command: com.intellij.rt.execution.junit.JUnitStarter -ideVersion5 -junit4 com.leyou.client.ElasticsearchTest,loadData
java_class_path (initial): D:\IntelliJ IDEA 2019.1.3\lib\idea_rt.jar;D:\IntelliJ IDEA 2019.1.3\plugins\junit\lib\junit-rt.jar;D:\IntelliJ IDEA 2019.1.3\plugins\junit\lib\junit5-rt.jar;D:\jdk\jre\lib\charsets.jar;D:\jdk\jre\lib\deploy.jar;D:\jdk\jre\lib\ext\access-bridge-64.jar;D:\jdk\jre\lib\ext\cldrdata.jar;D:\jdk\jre\lib\ext\dnsns.jar;D:\jdk\jre\lib\ext\jaccess.jar;D:\jdk\jre\lib\ext\jfxrt.jar;D:\jdk\jre\lib\ext\localedata.jar;D:\jdk\jre\lib\ext\nashorn.jar;D:\jdk\jre\lib\ext\sunec.jar;D:\jdk\jre\lib\ext\sunjce_provider.jar;D:\jdk\jre\lib\ext\sunmscapi.jar;D:\jdk\jre\lib\ext\sunpkcs11.jar;D:\jdk\jre\lib\ext\zipfs.jar;D:\jdk\jre\lib\javaws.jar;D:\jdk\jre\lib\jce.jar;D:\jdk\jre\lib\jfr.jar;D:\jdk\jre\lib\jfxswt.jar;D:\jdk\jre\lib\jsse.jar;D:\jdk\jre\lib\management-agent.jar;D:\jdk\jre\lib\plugin.jar;D:\jdk\jre\lib\resources.jar;D:\jdk\jre\lib\rt.jar;E:\leyoulearning\leyouBySelf\leyou-search\target\test-classes;E:\leyoulearning\leyouBySelf\leyou-search\target\classes;D:\maven\repository\org\springframework\boot\spring-boot-starter-web\2.0.4.RELEASE\spring-boot-starter-web-2.0.4.RELEASE.jar;D:\maven\repository\org\springframework\boot\spring-boot-starter\2.0.4.RELEASE\spring-boot-starter-2.0.4.RELEASE.jar;D:\maven\repository\org\springframework\boot\spring-boot\2.0.4.RELEASE\spring-boot-2.0.4.RELEASE.jar;D:\maven\repository\org\springframework\boot\spring-boot-autoconfigure\2.0.4.RELEASE\spring-boot-autoconfigure-2.0.4.RELEASE.jar;D:\maven\repository\org\springframework\boot\spring-boot-starter-logging\2.0.4.RELEASE\spring-boot-starter-logging-2.0.4.RELEASE.jar;D:\maven\repository\ch\qos\logback\logback-classic\1.2.3\logback-classic-1.2.3.jar;D:\maven\repository\ch\qos\logback\logback-core\1.2.3\logback-core-1.2.3.jar;D:\maven\repository\org\apache\logging\log4j\log4j-to-slf4j\2.10.0\log4j-to-slf4j-2.10.0.jar;D:\maven\repository\org\slf4j\jul-to-slf4j\1.7.25\jul-to-slf4j-1.7.25.jar;D:\maven\repository\javax\annotation\javax.annotation-api\1.3.2\javax.annotation-api-
Launcher Type: SUN_STANDARD

Environment Variables:
JAVA_HOME=D:\jdk
PATH=C:\WINDOWS\system32;C:\WINDOWS;C:\WINDOWS\System32\Wbem;C:\WINDOWS\System32\WindowsPowerShell\v1.0\;C:\WINDOWS\System32\OpenSSH\;D:\Git\cmd;D:\nodejs\;D:\jdk\bin;D:\apache-maven-3.5.0\bin;D:\Go\bin;C:\Users\19172\AppData\Roaming\npm;C:\Program Files\Calibre2\;C:\Program Files\MySQL\MySQL Shell 8.0\bin\;C:\Users\19172\AppData\Local\Programs\Microsoft VS Code\bin;C:\Users\19172\go\bin;C:\Users\19172\AppData\Local\Microsoft\WindowsApps;
USERNAME=19172
OS=Windows_NT
PROCESSOR_IDENTIFIER=Intel64 Family 6 Model 158 Stepping 10, GenuineIntel



---------------  S Y S T E M  ---------------

OS: Windows 10.0 , 64 bit Build 18362 (10.0.18362.329)

CPU:total 6 (initial active 6) (6 cores per cpu, 1 threads per core) family 6 model 158 stepping 10, cmov, cx8, fxsr, mmx, sse, sse2, sse3, ssse3, sse4.1, sse4.2, popcnt, avx, avx2, aes, clmul, erms, 3dnowpref, lzcnt, tsc, tscinvbit, bmi1, bmi2, adx

Memory: 4k page, physical 15685592k(1542204k free), swap 22239316k(5948k free)

vm_info: Java HotSpot(TM) 64-Bit Server VM (25.231-b11) for windows-amd64 JRE (1.8.0_231-b11), built on Oct  5 2019 03:11:30 by "java_re" with MS VC++ 10.0 (VS2010)

time: Thu Dec 05 23:55:58 2019
timezone: 中国标准时间
elapsed time: 13 seconds (0d 0h 0m 13s)

